Loading plugins phase: Elapsed time ==> 2s.906ms
<CYPRESSTAG name="CyDsfit arguments...">
cydsfit arguments: -.fdsnotice -.fdswarpdepfile=warp_dependencies.txt -.fdselabdepfile=elab_dependencies.txt -.fdsbldfile=generated_files.txt -.fdsreffile=referenced_files.txt -p C:\Users\tsien\Documents\GitHub\Battery_Management_Board_PY2023\BatteryBalance\BatteryBalance.cydsn\BatteryBalance.cyprj -d CY8C4248BZI-L489 -s C:\Users\tsien\Documents\GitHub\Battery_Management_Board_PY2023\BatteryBalance\BatteryBalance.cydsn\Generated_Source\PSoC4 -- -yv2 -q10 -ygs -o2 -v3 -.fftcfgtype=LE
</CYPRESSTAG>
<CYPRESSTAG name="Design elaboration results...">
</CYPRESSTAG>
Elaboration phase: Elapsed time ==> 7s.828ms
<CYPRESSTAG name="HDL generation results...">
</CYPRESSTAG>
HDL generation phase: Elapsed time ==> 0s.093ms
<CYPRESSTAG name="Synthesis results...">

     | | | | | | |
   _________________
  -|               |-
  -|               |-
  -|               |-
  -|    CYPRESS    |-
  -|               |-
  -|               |-   Warp Verilog Synthesis Compiler: Version 6.3 IR 41
  -|               |-   Copyright (C) 1991-2001 Cypress Semiconductor
   |_______________|
     | | | | | | |

======================================================================
Compiling:  BatteryBalance.v
Program  :   C:\Program Files (x86)\Cypress\PSoC Creator\4.4\PSoC Creator\warp\bin\warp.exe
Options  :    -yv2 -q10 -ygs -o2 -v3 -.fftcfgtype=LE -ya -.fftprj=C:\Users\tsien\Documents\GitHub\Battery_Management_Board_PY2023\BatteryBalance\BatteryBalance.cydsn\BatteryBalance.cyprj -dcpsoc3 BatteryBalance.v -verilog
======================================================================

======================================================================
Compiling:  BatteryBalance.v
Program  :   C:\Program Files (x86)\Cypress\PSoC Creator\4.4\PSoC Creator\warp\bin\warp.exe
Options  :    -yv2 -q10 -ygs -o2 -v3 -.fftcfgtype=LE -ya -.fftprj=C:\Users\tsien\Documents\GitHub\Battery_Management_Board_PY2023\BatteryBalance\BatteryBalance.cydsn\BatteryBalance.cyprj -dcpsoc3 BatteryBalance.v -verilog
======================================================================

======================================================================
Compiling:  BatteryBalance.v
Program  :   vlogfe
Options  :    -yv2 -q10 -ygs -o2 -v3 -.fftcfgtype=LE -ya -.fftprj=C:\Users\tsien\Documents\GitHub\Battery_Management_Board_PY2023\BatteryBalance\BatteryBalance.cydsn\BatteryBalance.cyprj -dcpsoc3 -verilog BatteryBalance.v
======================================================================

vlogfe V6.3 IR 41:  Verilog parser
Thu Nov 30 18:26:12 2023


======================================================================
Compiling:  BatteryBalance.v
Program  :   vpp
Options  :    -yv2 -q10 BatteryBalance.v
======================================================================

vpp V6.3 IR 41:  Verilog Pre-Processor
Thu Nov 30 18:26:12 2023

Flattening file 'C:\Program Files (x86)\Cypress\PSoC Creator\4.4\PSoC Creator\psoc\content\CyPrimitives\cyprimitives.cylib\cy_virtualmux_v1_0\cy_virtualmux_v1_0.v'
Flattening file 'C:\Program Files (x86)\Cypress\PSoC Creator\4.4\PSoC Creator\psoc\content\CyPrimitives\cyprimitives.cylib\ZeroTerminal\ZeroTerminal.v'
Flattening file 'C:\Program Files (x86)\Cypress\PSoC Creator\4.4\PSoC Creator\psoc\content\CyPrimitives\cyprimitives.cylib\or_v1_0\or_v1_0.v'

vpp:  No errors.

Library 'work' => directory 'lcpsoc3'
General_symbol_table
General_symbol_table
Linking 'C:\Program Files (x86)\Cypress\PSoC Creator\4.4\PSoC Creator\warp\lib\common\std.vhd'.
Linking 'C:\Program Files (x86)\Cypress\PSoC Creator\4.4\PSoC Creator\warp\lib\common\cypress.vhd'.
Linking 'C:\Program Files (x86)\Cypress\PSoC Creator\4.4\PSoC Creator\warp\lib\common\work\cypress.vif'.
Linking 'C:\Program Files (x86)\Cypress\PSoC Creator\4.4\PSoC Creator\warp\lib\ieee\work\stdlogic.vif'.
Linking 'C:\Program Files (x86)\Cypress\PSoC Creator\4.4\PSoC Creator\warp\lib\common\stdlogic\lpmpkg.vif'.
Linking 'C:\Program Files (x86)\Cypress\PSoC Creator\4.4\PSoC Creator\warp\lib\common\stdlogic\rtlpkg.vif'.
Linking 'C:\Program Files (x86)\Cypress\PSoC Creator\4.4\PSoC Creator\warp\lib\common\stdlogic\mod_cnst.vif'.
Linking 'C:\Program Files (x86)\Cypress\PSoC Creator\4.4\PSoC Creator\warp\lib\common\stdlogic\mod_mthv.vif'.
Linking 'C:\Program Files (x86)\Cypress\PSoC Creator\4.4\PSoC Creator\warp\lib\common\stdlogic\mod_genv.vif'.
Using control file 'BatteryBalance.ctl'.

vlogfe:  No errors.


======================================================================
Compiling:  BatteryBalance.v
Program  :   tovif
Options  :    -yv2 -q10 -ygs -o2 -v3 -.fftcfgtype=LE -ya -.fftprj=C:\Users\tsien\Documents\GitHub\Battery_Management_Board_PY2023\BatteryBalance\BatteryBalance.cydsn\BatteryBalance.cyprj -dcpsoc3 -verilog BatteryBalance.v
======================================================================

tovif V6.3 IR 41:  High-level synthesis
Thu Nov 30 18:26:12 2023

Linking 'C:\Program Files (x86)\Cypress\PSoC Creator\4.4\PSoC Creator\warp\lib\common\std.vhd'.
Linking 'C:\Program Files (x86)\Cypress\PSoC Creator\4.4\PSoC Creator\warp\lib\common\cypress.vhd'.
Linking 'C:\Program Files (x86)\Cypress\PSoC Creator\4.4\PSoC Creator\warp\lib\common\work\cypress.vif'.
Linking 'C:\Program Files (x86)\Cypress\PSoC Creator\4.4\PSoC Creator\warp\lib\ieee\work\stdlogic.vif'.
Linking 'C:\Program Files (x86)\Cypress\PSoC Creator\4.4\PSoC Creator\warp\lib\common\stdlogic\lpmpkg.vif'.
Linking 'C:\Program Files (x86)\Cypress\PSoC Creator\4.4\PSoC Creator\warp\lib\common\stdlogic\rtlpkg.vif'.
Linking 'C:\Program Files (x86)\Cypress\PSoC Creator\4.4\PSoC Creator\warp\lib\common\stdlogic\mod_cnst.vif'.
Linking 'C:\Program Files (x86)\Cypress\PSoC Creator\4.4\PSoC Creator\warp\lib\common\stdlogic\mod_mthv.vif'.
Linking 'C:\Program Files (x86)\Cypress\PSoC Creator\4.4\PSoC Creator\warp\lib\common\stdlogic\mod_genv.vif'.
Linking 'C:\Users\tsien\Documents\GitHub\Battery_Management_Board_PY2023\BatteryBalance\BatteryBalance.cydsn\codegentemp\BatteryBalance.ctl'.
Linking 'C:\Program Files (x86)\Cypress\PSoC Creator\4.4\PSoC Creator\psoc\content\CyPrimitives\cyprimitives.cylib\cy_virtualmux_v1_0\cy_virtualmux_v1_0.v'.
Linking 'C:\Users\tsien\Documents\GitHub\Battery_Management_Board_PY2023\BatteryBalance\BatteryBalance.cydsn\codegentemp\BatteryBalance.v'.
Linking 'C:\Program Files (x86)\Cypress\PSoC Creator\4.4\PSoC Creator\psoc\content\CyPrimitives\cyprimitives.cylib\ZeroTerminal\ZeroTerminal.v'.
Linking 'C:\Program Files (x86)\Cypress\PSoC Creator\4.4\PSoC Creator\psoc\content\CyPrimitives\cyprimitives.cylib\or_v1_0\or_v1_0.v'.

tovif:  No errors.


======================================================================
Compiling:  BatteryBalance.v
Program  :   topld
Options  :    -yv2 -q10 -ygs -o2 -v3 -.fftcfgtype=LE -ya -.fftprj=C:\Users\tsien\Documents\GitHub\Battery_Management_Board_PY2023\BatteryBalance\BatteryBalance.cydsn\BatteryBalance.cyprj -dcpsoc3 -verilog BatteryBalance.v
======================================================================

topld V6.3 IR 41:  Synthesis and optimization
Thu Nov 30 18:26:12 2023

Linking 'C:\Program Files (x86)\Cypress\PSoC Creator\4.4\PSoC Creator\warp\lib\common\std.vhd'.
Linking 'C:\Program Files (x86)\Cypress\PSoC Creator\4.4\PSoC Creator\warp\lib\common\cypress.vhd'.
Linking 'C:\Program Files (x86)\Cypress\PSoC Creator\4.4\PSoC Creator\warp\lib\common\work\cypress.vif'.
Linking 'C:\Program Files (x86)\Cypress\PSoC Creator\4.4\PSoC Creator\warp\lib\ieee\work\stdlogic.vif'.
Linking 'C:\Program Files (x86)\Cypress\PSoC Creator\4.4\PSoC Creator\warp\lib\common\stdlogic\lpmpkg.vif'.
Linking 'C:\Program Files (x86)\Cypress\PSoC Creator\4.4\PSoC Creator\warp\lib\common\stdlogic\rtlpkg.vif'.
Linking 'C:\Program Files (x86)\Cypress\PSoC Creator\4.4\PSoC Creator\warp\lib\common\stdlogic\mod_cnst.vif'.
Linking 'C:\Program Files (x86)\Cypress\PSoC Creator\4.4\PSoC Creator\warp\lib\common\stdlogic\mod_mthv.vif'.
Linking 'C:\Program Files (x86)\Cypress\PSoC Creator\4.4\PSoC Creator\warp\lib\common\stdlogic\mod_genv.vif'.
Linking 'C:\Users\tsien\Documents\GitHub\Battery_Management_Board_PY2023\BatteryBalance\BatteryBalance.cydsn\codegentemp\BatteryBalance.ctl'.
Linking 'C:\Program Files (x86)\Cypress\PSoC Creator\4.4\PSoC Creator\psoc\content\CyPrimitives\cyprimitives.cylib\cy_virtualmux_v1_0\cy_virtualmux_v1_0.v'.
Linking 'C:\Users\tsien\Documents\GitHub\Battery_Management_Board_PY2023\BatteryBalance\BatteryBalance.cydsn\codegentemp\BatteryBalance.v'.
Linking 'C:\Program Files (x86)\Cypress\PSoC Creator\4.4\PSoC Creator\psoc\content\CyPrimitives\cyprimitives.cylib\ZeroTerminal\ZeroTerminal.v'.
Linking 'C:\Program Files (x86)\Cypress\PSoC Creator\4.4\PSoC Creator\psoc\content\CyPrimitives\cyprimitives.cylib\or_v1_0\or_v1_0.v'.
Linking 'C:\Program Files (x86)\Cypress\PSoC Creator\4.4\PSoC Creator\warp\lib\lcpsoc3\stdlogic\cpsoc3.vif'.

----------------------------------------------------------
Detecting unused logic.
----------------------------------------------------------
    User names
	\I2C_DataPeriph:Net_1257\
	\I2C_DataPeriph:uncfg_rx_irq\
	\I2C_DataPeriph:Net_1099\
	\I2C_DataPeriph:Net_1258\
	Net_5
	Net_6
	Net_7
	Net_8
	Net_9
	Net_10
	Net_11
	Net_14
	Net_15
	Net_22
	\I2C_Brain:Net_1257\
	\I2C_Brain:uncfg_rx_irq\
	\I2C_Brain:Net_1099\
	\I2C_Brain:Net_1258\
	Net_31
	Net_32
	Net_33
	Net_34
	Net_35
	Net_36
	Net_37
	Net_40
	Net_41
	Net_48
	\Jetty:Net_1257\
	\Jetty:uncfg_rx_irq\
	\Jetty:Net_1099\
	\Jetty:Net_1258\
	Net_53
	Net_54
	Net_55
	Net_56
	Net_57
	Net_58
	Net_59
	Net_62
	Net_63
	Net_70


Deleted 42 User equations/components.
Deleted 0 Synthesized equations/components.

------------------------------------------------------
Alias Detection
------------------------------------------------------
Aliasing \I2C_DataPeriph:rx_wire\ to \I2C_DataPeriph:select_s_wire\
Aliasing \I2C_DataPeriph:sclk_s_wire\ to \I2C_DataPeriph:select_s_wire\
Aliasing \I2C_DataPeriph:mosi_s_wire\ to \I2C_DataPeriph:select_s_wire\
Aliasing \I2C_DataPeriph:miso_m_wire\ to \I2C_DataPeriph:select_s_wire\
Aliasing zero to \I2C_DataPeriph:select_s_wire\
Aliasing one to \I2C_DataPeriph:tmpOE__sda_net_0\
Aliasing \I2C_DataPeriph:tmpOE__scl_net_0\ to \I2C_DataPeriph:tmpOE__sda_net_0\
Aliasing \I2C_DataPeriph:cts_wire\ to \I2C_DataPeriph:select_s_wire\
Aliasing \I2C_Brain:select_s_wire\ to \I2C_DataPeriph:select_s_wire\
Aliasing \I2C_Brain:rx_wire\ to \I2C_DataPeriph:select_s_wire\
Aliasing \I2C_Brain:sclk_s_wire\ to \I2C_DataPeriph:select_s_wire\
Aliasing \I2C_Brain:mosi_s_wire\ to \I2C_DataPeriph:select_s_wire\
Aliasing \I2C_Brain:miso_m_wire\ to \I2C_DataPeriph:select_s_wire\
Aliasing \I2C_Brain:tmpOE__sda_net_0\ to \I2C_DataPeriph:tmpOE__sda_net_0\
Aliasing \I2C_Brain:tmpOE__scl_net_0\ to \I2C_DataPeriph:tmpOE__sda_net_0\
Aliasing \I2C_Brain:cts_wire\ to \I2C_DataPeriph:select_s_wire\
Aliasing \Jetty:select_s_wire\ to \I2C_DataPeriph:select_s_wire\
Aliasing \Jetty:rx_wire\ to \I2C_DataPeriph:select_s_wire\
Aliasing \Jetty:sclk_s_wire\ to \I2C_DataPeriph:select_s_wire\
Aliasing \Jetty:mosi_s_wire\ to \I2C_DataPeriph:select_s_wire\
Aliasing \Jetty:miso_m_wire\ to \I2C_DataPeriph:select_s_wire\
Aliasing \Jetty:tmpOE__sda_net_0\ to \I2C_DataPeriph:tmpOE__sda_net_0\
Aliasing \Jetty:tmpOE__scl_net_0\ to \I2C_DataPeriph:tmpOE__sda_net_0\
Aliasing \Jetty:cts_wire\ to \I2C_DataPeriph:select_s_wire\
Removing Lhs of wire \I2C_DataPeriph:rx_wire\[3] = \I2C_DataPeriph:select_s_wire\[2]
Removing Lhs of wire \I2C_DataPeriph:Net_1170\[6] = \I2C_DataPeriph:Net_847\[1]
Removing Lhs of wire \I2C_DataPeriph:sclk_s_wire\[7] = \I2C_DataPeriph:select_s_wire\[2]
Removing Lhs of wire \I2C_DataPeriph:mosi_s_wire\[8] = \I2C_DataPeriph:select_s_wire\[2]
Removing Lhs of wire \I2C_DataPeriph:miso_m_wire\[9] = \I2C_DataPeriph:select_s_wire\[2]
Removing Rhs of wire zero[12] = \I2C_DataPeriph:select_s_wire\[2]
Removing Rhs of wire one[16] = \I2C_DataPeriph:tmpOE__sda_net_0\[11]
Removing Lhs of wire \I2C_DataPeriph:tmpOE__scl_net_0\[19] = one[16]
Removing Lhs of wire \I2C_DataPeriph:cts_wire\[28] = zero[12]
Removing Lhs of wire \I2C_Brain:select_s_wire\[54] = zero[12]
Removing Lhs of wire \I2C_Brain:rx_wire\[55] = zero[12]
Removing Lhs of wire \I2C_Brain:Net_1170\[58] = \I2C_Brain:Net_847\[53]
Removing Lhs of wire \I2C_Brain:sclk_s_wire\[59] = zero[12]
Removing Lhs of wire \I2C_Brain:mosi_s_wire\[60] = zero[12]
Removing Lhs of wire \I2C_Brain:miso_m_wire\[61] = zero[12]
Removing Lhs of wire \I2C_Brain:tmpOE__sda_net_0\[63] = one[16]
Removing Lhs of wire \I2C_Brain:tmpOE__scl_net_0\[69] = one[16]
Removing Lhs of wire \I2C_Brain:cts_wire\[78] = zero[12]
Removing Lhs of wire \Jetty:select_s_wire\[104] = zero[12]
Removing Lhs of wire \Jetty:rx_wire\[105] = zero[12]
Removing Lhs of wire \Jetty:Net_1170\[108] = \Jetty:Net_847\[103]
Removing Lhs of wire \Jetty:sclk_s_wire\[109] = zero[12]
Removing Lhs of wire \Jetty:mosi_s_wire\[110] = zero[12]
Removing Lhs of wire \Jetty:miso_m_wire\[111] = zero[12]
Removing Lhs of wire \Jetty:tmpOE__sda_net_0\[113] = one[16]
Removing Lhs of wire \Jetty:tmpOE__scl_net_0\[119] = one[16]
Removing Lhs of wire \Jetty:cts_wire\[128] = zero[12]

------------------------------------------------------
Aliased 0 equations, 27 wires.
------------------------------------------------------

----------------------------------------------------------
Circuit simplification
----------------------------------------------------------

Substituting virtuals - pass 1:


----------------------------------------------------------
Circuit simplification results:

	Expanded 0 signals.
	Turned 0 signals into soft nodes.
	Maximum default expansion cost was set at 3.
----------------------------------------------------------

topld:  No errors.

CYPRESS_DIR    : C:\Program Files (x86)\Cypress\PSoC Creator\4.4\PSoC Creator\warp
Warp Program   : C:\Program Files (x86)\Cypress\PSoC Creator\4.4\PSoC Creator\warp\bin\warp.exe
Warp Arguments : -yv2 -q10 -ygs -o2 -v3 -.fftcfgtype=LE -ya -.fftprj=C:\Users\tsien\Documents\GitHub\Battery_Management_Board_PY2023\BatteryBalance\BatteryBalance.cydsn\BatteryBalance.cyprj -dcpsoc3 BatteryBalance.v -verilog
</CYPRESSTAG>
Warp synthesis phase: Elapsed time ==> 0s.718ms
<CYPRESSTAG name="Fitter results...">
<CYPRESSTAG name="Fitter startup details...">
cyp3fit: V4.4.0.80, Family: PSoC3, Started at: Thursday, 30 November 2023 18:26:12
Options: -yv2 -q10 -ygs -o2 -v3 -.fftcfgtype=LE -ya -.fftprj=C:\Users\tsien\Documents\GitHub\Battery_Management_Board_PY2023\BatteryBalance\BatteryBalance.cydsn\BatteryBalance.cyprj -d CY8C4248BZI-L489 BatteryBalance.v -verilog
</CYPRESSTAG>
<CYPRESSTAG name="Design parsing">
Design parsing phase: Elapsed time ==> 0s.015ms
</CYPRESSTAG>
<CYPRESSTAG name="Tech Mapping">
<CYPRESSTAG name="Initial Mapping" icon="FILE_RPT_TECHM">
<CYPRESSTAG name="Global Clock Selection" icon="FILE_RPT_TECHM">
    Fixed Function Clock 2: Automatic-assigning  clock 'I2C_Brain_SCBCLK'. Signal=\I2C_Brain:Net_847_ff2\
    Fixed Function Clock 3: Automatic-assigning  clock 'I2C_DataPeriph_SCBCLK'. Signal=\I2C_DataPeriph:Net_847_ff3\
    Fixed Function Clock 4: Automatic-assigning  clock 'Jetty_SCBCLK'. Signal=\Jetty:Net_847_ff4\
<CYPRESSTAG name="UDB Clock/Enable Remapping Results">
</CYPRESSTAG>
</CYPRESSTAG>
ADD: pft.M0040: information: The following 6 pin(s) will be assigned a location by the fitter: \I2C_Brain:scl(0)\, \I2C_Brain:sda(0)\, \I2C_DataPeriph:scl(0)\, \I2C_DataPeriph:sda(0)\, \Jetty:scl(0)\, \Jetty:sda(0)\


Removing unused cells resulting from optimization
Done removing unused cells.
<CYPRESSTAG name="Duplicate Macrocell detection">
</CYPRESSTAG>
</CYPRESSTAG>
<CYPRESSTAG name="Duplicate Macrocell detection">
</CYPRESSTAG>
<CYPRESSTAG name="Design Equations" icon="FILE_RPT_EQUATION">

------------------------------------------------------------
Design Equations
------------------------------------------------------------
    <CYPRESSTAG name="Pin listing">

    ------------------------------------------------------------
    Pin listing
    ------------------------------------------------------------

    Pin : Name = \I2C_DataPeriph:sda(0)\
        Attributes:
            In Group/Port: True
            In Sync Option: NOSYNC
            Out Sync Option: NOSYNC
            Interrupt generated: False
            Interrupt mode: NONE
            Drive mode: OPEN_DRAIN_LO
            VTrip: CMOS
            Slew: FAST
            Input Sync needed: False
            Output Sync needed: False
            SC shield enabled: False
            POR State: ANY
            LCD Mode: COMMON
            Register Mode: RegComb
            CaSense Mode: NEITHER
            Treat as pin: True
            Is OE Registered: False
            Uses Analog: False
            Can contain Digital: True
            Is SIO: False
            SIO Output Buf: NONREGULATED
            SIO Input Buf: SINGLE_ENDED
            SIO HiFreq: LOW
            SIO Hyst: DISABLED
            SIO Vtrip: MULTIPLIER_0_5
            SIO Multiplier Index: 0
            SIO RefSel: VCC_IO
            Required Capabilities: DIGITAL
            Initial Value: 1
            IO Voltage: 0
        PORT MAP (
            pa_out => \I2C_DataPeriph:sda(0)\__PA ,
            fb => Net_20 ,
            pad => \I2C_DataPeriph:sda(0)_PAD\ );

    Pin : Name = \I2C_DataPeriph:scl(0)\
        Attributes:
            In Group/Port: True
            In Sync Option: NOSYNC
            Out Sync Option: NOSYNC
            Interrupt generated: False
            Interrupt mode: NONE
            Drive mode: OPEN_DRAIN_LO
            VTrip: CMOS
            Slew: FAST
            Input Sync needed: False
            Output Sync needed: False
            SC shield enabled: False
            POR State: ANY
            LCD Mode: COMMON
            Register Mode: RegComb
            CaSense Mode: NEITHER
            Treat as pin: True
            Is OE Registered: False
            Uses Analog: False
            Can contain Digital: True
            Is SIO: False
            SIO Output Buf: NONREGULATED
            SIO Input Buf: SINGLE_ENDED
            SIO HiFreq: LOW
            SIO Hyst: DISABLED
            SIO Vtrip: MULTIPLIER_0_5
            SIO Multiplier Index: 0
            SIO RefSel: VCC_IO
            Required Capabilities: DIGITAL
            Initial Value: 1
            IO Voltage: 0
        PORT MAP (
            pa_out => \I2C_DataPeriph:scl(0)\__PA ,
            fb => Net_19 ,
            pad => \I2C_DataPeriph:scl(0)_PAD\ );

    Pin : Name = \I2C_Brain:sda(0)\
        Attributes:
            In Group/Port: True
            In Sync Option: NOSYNC
            Out Sync Option: NOSYNC
            Interrupt generated: False
            Interrupt mode: NONE
            Drive mode: OPEN_DRAIN_LO
            VTrip: CMOS
            Slew: FAST
            Input Sync needed: False
            Output Sync needed: False
            SC shield enabled: False
            POR State: ANY
            LCD Mode: COMMON
            Register Mode: RegComb
            CaSense Mode: NEITHER
            Treat as pin: True
            Is OE Registered: False
            Uses Analog: False
            Can contain Digital: True
            Is SIO: False
            SIO Output Buf: NONREGULATED
            SIO Input Buf: SINGLE_ENDED
            SIO HiFreq: LOW
            SIO Hyst: DISABLED
            SIO Vtrip: MULTIPLIER_0_5
            SIO Multiplier Index: 0
            SIO RefSel: VCC_IO
            Required Capabilities: DIGITAL
            Initial Value: 1
            IO Voltage: 0
        PORT MAP (
            pa_out => \I2C_Brain:sda(0)\__PA ,
            fb => Net_46 ,
            pad => \I2C_Brain:sda(0)_PAD\ );

    Pin : Name = \I2C_Brain:scl(0)\
        Attributes:
            In Group/Port: True
            In Sync Option: NOSYNC
            Out Sync Option: NOSYNC
            Interrupt generated: False
            Interrupt mode: NONE
            Drive mode: OPEN_DRAIN_LO
            VTrip: CMOS
            Slew: FAST
            Input Sync needed: False
            Output Sync needed: False
            SC shield enabled: False
            POR State: ANY
            LCD Mode: COMMON
            Register Mode: RegComb
            CaSense Mode: NEITHER
            Treat as pin: True
            Is OE Registered: False
            Uses Analog: False
            Can contain Digital: True
            Is SIO: False
            SIO Output Buf: NONREGULATED
            SIO Input Buf: SINGLE_ENDED
            SIO HiFreq: LOW
            SIO Hyst: DISABLED
            SIO Vtrip: MULTIPLIER_0_5
            SIO Multiplier Index: 0
            SIO RefSel: VCC_IO
            Required Capabilities: DIGITAL
            Initial Value: 1
            IO Voltage: 0
        PORT MAP (
            pa_out => \I2C_Brain:scl(0)\__PA ,
            fb => Net_45 ,
            pad => \I2C_Brain:scl(0)_PAD\ );

    Pin : Name = \Jetty:sda(0)\
        Attributes:
            In Group/Port: True
            In Sync Option: NOSYNC
            Out Sync Option: NOSYNC
            Interrupt generated: False
            Interrupt mode: NONE
            Drive mode: OPEN_DRAIN_LO
            VTrip: CMOS
            Slew: FAST
            Input Sync needed: False
            Output Sync needed: False
            SC shield enabled: False
            POR State: ANY
            LCD Mode: COMMON
            Register Mode: RegComb
            CaSense Mode: NEITHER
            Treat as pin: True
            Is OE Registered: False
            Uses Analog: False
            Can contain Digital: True
            Is SIO: False
            SIO Output Buf: NONREGULATED
            SIO Input Buf: SINGLE_ENDED
            SIO HiFreq: LOW
            SIO Hyst: DISABLED
            SIO Vtrip: MULTIPLIER_0_5
            SIO Multiplier Index: 0
            SIO RefSel: VCC_IO
            Required Capabilities: DIGITAL
            Initial Value: 1
            IO Voltage: 0
        PORT MAP (
            pa_out => \Jetty:sda(0)\__PA ,
            fb => Net_68 ,
            pad => \Jetty:sda(0)_PAD\ );

    Pin : Name = \Jetty:scl(0)\
        Attributes:
            In Group/Port: True
            In Sync Option: NOSYNC
            Out Sync Option: NOSYNC
            Interrupt generated: False
            Interrupt mode: NONE
            Drive mode: OPEN_DRAIN_LO
            VTrip: CMOS
            Slew: FAST
            Input Sync needed: False
            Output Sync needed: False
            SC shield enabled: False
            POR State: ANY
            LCD Mode: COMMON
            Register Mode: RegComb
            CaSense Mode: NEITHER
            Treat as pin: True
            Is OE Registered: False
            Uses Analog: False
            Can contain Digital: True
            Is SIO: False
            SIO Output Buf: NONREGULATED
            SIO Input Buf: SINGLE_ENDED
            SIO HiFreq: LOW
            SIO Hyst: DISABLED
            SIO Vtrip: MULTIPLIER_0_5
            SIO Multiplier Index: 0
            SIO RefSel: VCC_IO
            Required Capabilities: DIGITAL
            Initial Value: 1
            IO Voltage: 0
        PORT MAP (
            pa_out => \Jetty:scl(0)\__PA ,
            fb => Net_67 ,
            pad => \Jetty:scl(0)_PAD\ );
    </CYPRESSTAG>
    <CYPRESSTAG name="Macrocell listing" icon="FILE_RPT_EQUATION">
    </CYPRESSTAG>
    <CYPRESSTAG name="Datapath listing">
    </CYPRESSTAG>
    <CYPRESSTAG name="Status register listing">
    </CYPRESSTAG>
    <CYPRESSTAG name="StatusI register listing">
    </CYPRESSTAG>
    <CYPRESSTAG name="Sync listing">
    </CYPRESSTAG>
    <CYPRESSTAG name="Control register listing">
    </CYPRESSTAG>
    <CYPRESSTAG name="Count7 listing">
    </CYPRESSTAG>
    <CYPRESSTAG name="DRQ listing">
    </CYPRESSTAG>
    <CYPRESSTAG name="Interrupt listing">

    ------------------------------------------------------------
    Interrupt listing
    ------------------------------------------------------------

    interrupt: Name =\I2C_DataPeriph:SCB_IRQ\
        PORT MAP (
            interrupt => Net_3 );
        Properties:
        {
            int_type = "10"
            is_nmi = 0
        }

    interrupt: Name =\I2C_Brain:SCB_IRQ\
        PORT MAP (
            interrupt => Net_29 );
        Properties:
        {
            int_type = "10"
            is_nmi = 0
        }

    interrupt: Name =\Jetty:SCB_IRQ\
        PORT MAP (
            interrupt => Net_51 );
        Properties:
        {
            int_type = "10"
            is_nmi = 0
        }
    </CYPRESSTAG>
</CYPRESSTAG>
<CYPRESSTAG name="Technology mapping summary" expanded>

------------------------------------------------------------
Technology mapping summary
------------------------------------------------------------

Resource Type                 : Used : Free :  Max :  % Used
============================================================
Digital Clocks                :    0 :    4 :    4 :  0.00 %
Interrupts                    :    3 :   29 :   32 :  9.38 %
IO                            :    8 :   90 :   98 :  8.16 %
Segment LCD                   :    0 :    1 :    1 :  0.00 %
CapSense                      :    0 :    2 :    2 :  0.00 %
Die Temp                      :    0 :    1 :    1 :  0.00 %
CAN 2.0b                      :    0 :    2 :    2 :  0.00 %
Serial Communication (SCB)    :    3 :    1 :    4 : 75.00 %
USB                           :    0 :    1 :    1 :  0.00 %
DMA Channels                  :    0 :   32 :   32 :  0.00 %
Timer/Counter/PWM             :    0 :    8 :    8 :  0.00 %
Smart IO Ports                :    0 :    1 :    1 :  0.00 %
UDB                           :      :      :      :        
  Macrocells                  :    0 :   64 :   64 :  0.00 %
  Unique P-terms              :    0 :  128 :  128 :  0.00 %
  Total P-terms               :    0 :      :      :        
  Datapath Cells              :    0 :    8 :    8 :  0.00 %
  Status Cells                :    0 :    8 :    8 :  0.00 %
  Control Cells               :    0 :    8 :    8 :  0.00 %
Comparator/Opamp              :    0 :    4 :    4 :  0.00 %
LP Comparator                 :    0 :    2 :    2 :  0.00 %
SAR ADC                       :    0 :    1 :    1 :  0.00 %
DAC                           :      :      :      :        
  7-bit IDAC                  :    0 :    2 :    2 :  0.00 %
  8-bit IDAC                  :    0 :    2 :    2 :  0.00 %
</CYPRESSTAG>
Technology Mapping: Elapsed time ==> 0s.046ms
Tech Mapping phase: Elapsed time ==> 0s.140ms
</CYPRESSTAG>
<CYPRESSTAG name="Analog Placement">
<CYPRESSTAG name="FFB & IO Pre Placement">
<CYPRESSTAG name="Placement" icon="FILE_RPT_PLACEMENT">

Cell                                : Block                              
=========================================================================
ClockGenBlock                       : CLK_GEN_[FFB(CLK_GEN,0)]           
\I2C_DataPeriph:SCB\                : SCB_[FFB(SCB,0)]                   
\I2C_Brain:SCB\                     : SCB_[FFB(SCB,1)]                   
\Jetty:SCB\                         : SCB_[FFB(SCB,2)]                   
\I2C_DataPeriph:sda(0)\             : [IOP=(1)][IoId=(1)]                
\I2C_DataPeriph:scl(0)\             : [IOP=(1)][IoId=(0)]                
\I2C_Brain:sda(0)\                  : [IOP=(0)][IoId=(5)]                
\I2C_Brain:scl(0)\                  : [IOP=(0)][IoId=(4)]                
\Jetty:sda(0)\                      : [IOP=(5)][IoId=(1)]                
\Jetty:scl(0)\                      : [IOP=(5)][IoId=(0)]                

</CYPRESSTAG>
</CYPRESSTAG>
<CYPRESSTAG name="Real Analog Placement">
Elapsed time ==> 1.1513173s
</CYPRESSTAG>
Analog Placement phase: Elapsed time ==> 1s.937ms
</CYPRESSTAG>
<CYPRESSTAG name="Analog Routing">
<CYPRESSTAG name="Analog Routing">
Route success=True, Iterations=1 Elapsed=0.0023561 secs
</CYPRESSTAG>
Analog Routing phase: Elapsed time ==> 0s.000ms
</CYPRESSTAG>
<CYPRESSTAG name="Analog Code Generation">
============ Analog Final Answer Routes ============
Dump of CyAnalogRoutingResultsDB
Map of net to items {
}
Map of item to net {
}
Mux Info {
}
Analog Code Generation phase: Elapsed time ==> 0s.046ms
</CYPRESSTAG>
<CYPRESSTAG name="Digital Placement">
<CYPRESSTAG name="Detailed placement messages">
I2659: No Constrained paths were found. The placer will run in non-timing driven mode.
I2076: Total run-time: 0.9 sec.

</CYPRESSTAG>
<CYPRESSTAG name="PLD Packing">
<CYPRESSTAG name="PLD Packing Summary">
No PLDs were packed.
</CYPRESSTAG>
PLD Packing: Elapsed time ==> 0s.000ms
</CYPRESSTAG>
<CYPRESSTAG name="Partitioning">
<CYPRESSTAG name="Initial Partitioning Summary">
Initial Partitioning Summary not displayed at this verbose level.</CYPRESSTAG>
<CYPRESSTAG name="Final Partitioning Summary">
Final Partitioning Summary not displayed at this verbose level.</CYPRESSTAG>
Partitioning: Elapsed time ==> 0s.031ms
</CYPRESSTAG>
<CYPRESSTAG name="Final Placement Summary">

------------------------------------------------------------
Final Placement Summary
------------------------------------------------------------

       Resource Type :      Count : Avg Inputs : Avg Outputs
    ========================================================
                 UDB :          0 :       0.00 :       0.00
<CYPRESSTAG name="Final Placement Details">
<CYPRESSTAG name="Component Details">

------------------------------------------------------------
Component Placement Details
------------------------------------------------------------
UDB [UDB=(0,0)] is empty.
UDB [UDB=(0,1)] is empty.
UDB [UDB=(0,2)] is empty.
UDB [UDB=(0,3)] is empty.
UDB [UDB=(1,0)] is empty.
UDB [UDB=(1,1)] is empty.
UDB [UDB=(1,2)] is empty.
UDB [UDB=(1,3)] is empty.
Intr container @ [IntrContainer=(0)]: 
  Intr@ [IntrContainer=(0)][IntrId=(9)] 
    interrupt: Name =\I2C_DataPeriph:SCB_IRQ\
        PORT MAP (
            interrupt => Net_3 );
        Properties:
        {
            int_type = "10"
            is_nmi = 0
        }
  Intr@ [IntrContainer=(0)][IntrId=(10)] 
    interrupt: Name =\I2C_Brain:SCB_IRQ\
        PORT MAP (
            interrupt => Net_29 );
        Properties:
        {
            int_type = "10"
            is_nmi = 0
        }
  Intr@ [IntrContainer=(0)][IntrId=(11)] 
    interrupt: Name =\Jetty:SCB_IRQ\
        PORT MAP (
            interrupt => Net_51 );
        Properties:
        {
            int_type = "10"
            is_nmi = 0
        }
Drq container @ [DrqContainer=(0)]: empty
Port 0 contains the following IO cells:
[IoId=4]: 
Pin : Name = \I2C_Brain:scl(0)\
    Attributes:
        In Group/Port: True
        In Sync Option: NOSYNC
        Out Sync Option: NOSYNC
        Interrupt generated: False
        Interrupt mode: NONE
        Drive mode: OPEN_DRAIN_LO
        VTrip: CMOS
        Slew: FAST
        Input Sync needed: False
        Output Sync needed: False
        SC shield enabled: False
        POR State: ANY
        LCD Mode: COMMON
        Register Mode: RegComb
        CaSense Mode: NEITHER
        Treat as pin: True
        Is OE Registered: False
        Uses Analog: False
        Can contain Digital: True
        Is SIO: False
        SIO Output Buf: NONREGULATED
        SIO Input Buf: SINGLE_ENDED
        SIO HiFreq: LOW
        SIO Hyst: DISABLED
        SIO Vtrip: MULTIPLIER_0_5
        SIO Multiplier Index: 0
        SIO RefSel: VCC_IO
        Required Capabilities: DIGITAL
        Initial Value: 1
        IO Voltage: 0
    PORT MAP (
        pa_out => \I2C_Brain:scl(0)\__PA ,
        fb => Net_45 ,
        pad => \I2C_Brain:scl(0)_PAD\ );
    Properties:
    {
    }

[IoId=5]: 
Pin : Name = \I2C_Brain:sda(0)\
    Attributes:
        In Group/Port: True
        In Sync Option: NOSYNC
        Out Sync Option: NOSYNC
        Interrupt generated: False
        Interrupt mode: NONE
        Drive mode: OPEN_DRAIN_LO
        VTrip: CMOS
        Slew: FAST
        Input Sync needed: False
        Output Sync needed: False
        SC shield enabled: False
        POR State: ANY
        LCD Mode: COMMON
        Register Mode: RegComb
        CaSense Mode: NEITHER
        Treat as pin: True
        Is OE Registered: False
        Uses Analog: False
        Can contain Digital: True
        Is SIO: False
        SIO Output Buf: NONREGULATED
        SIO Input Buf: SINGLE_ENDED
        SIO HiFreq: LOW
        SIO Hyst: DISABLED
        SIO Vtrip: MULTIPLIER_0_5
        SIO Multiplier Index: 0
        SIO RefSel: VCC_IO
        Required Capabilities: DIGITAL
        Initial Value: 1
        IO Voltage: 0
    PORT MAP (
        pa_out => \I2C_Brain:sda(0)\__PA ,
        fb => Net_46 ,
        pad => \I2C_Brain:sda(0)_PAD\ );
    Properties:
    {
    }

Port 1 contains the following IO cells:
[IoId=0]: 
Pin : Name = \I2C_DataPeriph:scl(0)\
    Attributes:
        In Group/Port: True
        In Sync Option: NOSYNC
        Out Sync Option: NOSYNC
        Interrupt generated: False
        Interrupt mode: NONE
        Drive mode: OPEN_DRAIN_LO
        VTrip: CMOS
        Slew: FAST
        Input Sync needed: False
        Output Sync needed: False
        SC shield enabled: False
        POR State: ANY
        LCD Mode: COMMON
        Register Mode: RegComb
        CaSense Mode: NEITHER
        Treat as pin: True
        Is OE Registered: False
        Uses Analog: False
        Can contain Digital: True
        Is SIO: False
        SIO Output Buf: NONREGULATED
        SIO Input Buf: SINGLE_ENDED
        SIO HiFreq: LOW
        SIO Hyst: DISABLED
        SIO Vtrip: MULTIPLIER_0_5
        SIO Multiplier Index: 0
        SIO RefSel: VCC_IO
        Required Capabilities: DIGITAL
        Initial Value: 1
        IO Voltage: 0
    PORT MAP (
        pa_out => \I2C_DataPeriph:scl(0)\__PA ,
        fb => Net_19 ,
        pad => \I2C_DataPeriph:scl(0)_PAD\ );
    Properties:
    {
    }

[IoId=1]: 
Pin : Name = \I2C_DataPeriph:sda(0)\
    Attributes:
        In Group/Port: True
        In Sync Option: NOSYNC
        Out Sync Option: NOSYNC
        Interrupt generated: False
        Interrupt mode: NONE
        Drive mode: OPEN_DRAIN_LO
        VTrip: CMOS
        Slew: FAST
        Input Sync needed: False
        Output Sync needed: False
        SC shield enabled: False
        POR State: ANY
        LCD Mode: COMMON
        Register Mode: RegComb
        CaSense Mode: NEITHER
        Treat as pin: True
        Is OE Registered: False
        Uses Analog: False
        Can contain Digital: True
        Is SIO: False
        SIO Output Buf: NONREGULATED
        SIO Input Buf: SINGLE_ENDED
        SIO HiFreq: LOW
        SIO Hyst: DISABLED
        SIO Vtrip: MULTIPLIER_0_5
        SIO Multiplier Index: 0
        SIO RefSel: VCC_IO
        Required Capabilities: DIGITAL
        Initial Value: 1
        IO Voltage: 0
    PORT MAP (
        pa_out => \I2C_DataPeriph:sda(0)\__PA ,
        fb => Net_20 ,
        pad => \I2C_DataPeriph:sda(0)_PAD\ );
    Properties:
    {
    }

Port 2 contains the following IO cells:
Port 3 contains the following IO cells:
Port 4 contains the following IO cells:
Port 5 contains the following IO cells:
[IoId=0]: 
Pin : Name = \Jetty:scl(0)\
    Attributes:
        In Group/Port: True
        In Sync Option: NOSYNC
        Out Sync Option: NOSYNC
        Interrupt generated: False
        Interrupt mode: NONE
        Drive mode: OPEN_DRAIN_LO
        VTrip: CMOS
        Slew: FAST
        Input Sync needed: False
        Output Sync needed: False
        SC shield enabled: False
        POR State: ANY
        LCD Mode: COMMON
        Register Mode: RegComb
        CaSense Mode: NEITHER
        Treat as pin: True
        Is OE Registered: False
        Uses Analog: False
        Can contain Digital: True
        Is SIO: False
        SIO Output Buf: NONREGULATED
        SIO Input Buf: SINGLE_ENDED
        SIO HiFreq: LOW
        SIO Hyst: DISABLED
        SIO Vtrip: MULTIPLIER_0_5
        SIO Multiplier Index: 0
        SIO RefSel: VCC_IO
        Required Capabilities: DIGITAL
        Initial Value: 1
        IO Voltage: 0
    PORT MAP (
        pa_out => \Jetty:scl(0)\__PA ,
        fb => Net_67 ,
        pad => \Jetty:scl(0)_PAD\ );
    Properties:
    {
    }

[IoId=1]: 
Pin : Name = \Jetty:sda(0)\
    Attributes:
        In Group/Port: True
        In Sync Option: NOSYNC
        Out Sync Option: NOSYNC
        Interrupt generated: False
        Interrupt mode: NONE
        Drive mode: OPEN_DRAIN_LO
        VTrip: CMOS
        Slew: FAST
        Input Sync needed: False
        Output Sync needed: False
        SC shield enabled: False
        POR State: ANY
        LCD Mode: COMMON
        Register Mode: RegComb
        CaSense Mode: NEITHER
        Treat as pin: True
        Is OE Registered: False
        Uses Analog: False
        Can contain Digital: True
        Is SIO: False
        SIO Output Buf: NONREGULATED
        SIO Input Buf: SINGLE_ENDED
        SIO HiFreq: LOW
        SIO Hyst: DISABLED
        SIO Vtrip: MULTIPLIER_0_5
        SIO Multiplier Index: 0
        SIO RefSel: VCC_IO
        Required Capabilities: DIGITAL
        Initial Value: 1
        IO Voltage: 0
    PORT MAP (
        pa_out => \Jetty:sda(0)\__PA ,
        fb => Net_68 ,
        pad => \Jetty:sda(0)_PAD\ );
    Properties:
    {
    }

Port 6 contains the following IO cells:
Port 7 contains the following IO cells:
Port 8 contains the following IO cells:
Port 9 contains the following IO cells:
Port 10 contains the following IO cells:
Port 11 contains the following IO cells:
Port 12 contains the following IO cells:
Port 13 contains the following IO cells:
ARM group 0: empty
CAN group 0: empty
Clock group 0: 
    Clock Block @ F(Clock,0): 
    m0s8clockblockcell: Name =ClockBlock
        PORT MAP (
            hfclk => ClockBlock_HFClk ,
            imo => ClockBlock_IMO ,
            ext => ClockBlock_ExtClk ,
            sysclk => ClockBlock_SysClk ,
            eco => ClockBlock_ECO ,
            pll => ClockBlock_PLL0 ,
            dbl => ClockBlock_PLL1 ,
            ilo => ClockBlock_ILO ,
            lfclk => ClockBlock_LFClk ,
            wco => ClockBlock_WCO ,
            dsi_in_0 => ClockBlock_Routed1 ,
            ff_div_2 => \I2C_Brain:Net_847_ff2\ ,
            ff_div_3 => \I2C_DataPeriph:Net_847_ff3\ ,
            ff_div_4 => \Jetty:Net_847_ff4\ );
        Properties:
        {
        }
LCD group 0: empty
PICU group 0: empty
USB group 0: empty
LPCOMP group 0: empty
SCB group 0: 
    SCB Block @ F(SCB,0): 
    m0s8scbcell: Name =\I2C_DataPeriph:SCB\
        PORT MAP (
            clock => \I2C_DataPeriph:Net_847_ff3\ ,
            interrupt => Net_3 ,
            uart_tx => \I2C_DataPeriph:tx_wire\ ,
            uart_rts => \I2C_DataPeriph:rts_wire\ ,
            mosi_m => \I2C_DataPeriph:mosi_m_wire\ ,
            select_m_3 => \I2C_DataPeriph:select_m_wire_3\ ,
            select_m_2 => \I2C_DataPeriph:select_m_wire_2\ ,
            select_m_1 => \I2C_DataPeriph:select_m_wire_1\ ,
            select_m_0 => \I2C_DataPeriph:select_m_wire_0\ ,
            sclk_m => \I2C_DataPeriph:sclk_m_wire\ ,
            miso_s => \I2C_DataPeriph:miso_s_wire\ ,
            i2c_scl => Net_19 ,
            i2c_sda => Net_20 ,
            tr_tx_req => Net_21 ,
            tr_rx_req => Net_12 );
        Properties:
        {
            cy_registers = ""
            scb_mode = 0
        }
    SCB Block @ F(SCB,1): 
    m0s8scbcell: Name =\I2C_Brain:SCB\
        PORT MAP (
            clock => \I2C_Brain:Net_847_ff2\ ,
            interrupt => Net_29 ,
            uart_tx => \I2C_Brain:tx_wire\ ,
            uart_rts => \I2C_Brain:rts_wire\ ,
            mosi_m => \I2C_Brain:mosi_m_wire\ ,
            select_m_3 => \I2C_Brain:select_m_wire_3\ ,
            select_m_2 => \I2C_Brain:select_m_wire_2\ ,
            select_m_1 => \I2C_Brain:select_m_wire_1\ ,
            select_m_0 => \I2C_Brain:select_m_wire_0\ ,
            sclk_m => \I2C_Brain:sclk_m_wire\ ,
            miso_s => \I2C_Brain:miso_s_wire\ ,
            i2c_scl => Net_45 ,
            i2c_sda => Net_46 ,
            tr_tx_req => Net_47 ,
            tr_rx_req => Net_38 );
        Properties:
        {
            cy_registers = ""
            scb_mode = 0
        }
    SCB Block @ F(SCB,2): 
    m0s8scbcell: Name =\Jetty:SCB\
        PORT MAP (
            clock => \Jetty:Net_847_ff4\ ,
            interrupt => Net_51 ,
            uart_tx => \Jetty:tx_wire\ ,
            uart_rts => \Jetty:rts_wire\ ,
            mosi_m => \Jetty:mosi_m_wire\ ,
            select_m_3 => \Jetty:select_m_wire_3\ ,
            select_m_2 => \Jetty:select_m_wire_2\ ,
            select_m_1 => \Jetty:select_m_wire_1\ ,
            select_m_0 => \Jetty:select_m_wire_0\ ,
            sclk_m => \Jetty:sclk_m_wire\ ,
            miso_s => \Jetty:miso_s_wire\ ,
            i2c_scl => Net_67 ,
            i2c_sda => Net_68 ,
            tr_tx_req => Net_69 ,
            tr_rx_req => Net_60 );
        Properties:
        {
            cy_registers = ""
            scb_mode = 0
        }
CSD group 0: empty
CSIDAC8 group 0: empty
CSIDAC7 group 0: empty
TCPWM group 0: empty
OA group 0: empty
TEMP group 0: empty
SARADC group 0: empty
CLK_GEN group 0: 
    M0S8 Clock Gen Block @ F(CLK_GEN,0): 
    m0s8clockgenblockcell: Name =ClockGenBlock
        PORT MAP (
             );
        Properties:
        {
        }
LPCOMPBLOCK group 0: empty
PASSBLOCK group 0: empty
WCO group 0: empty
SmartIO group 0: empty
SRSS group 0: empty
CPUSS group 0: empty
IOSS group 0: empty
EXCO group 0: empty
</CYPRESSTAG>
<CYPRESSTAG name="Port Configuration Details">

------------------------------------------------------------
Port Configuration report
------------------------------------------------------------
     |     |       | Interrupt |                  |                         | 
Port | Pin | Fixed |      Type |       Drive Mode |                    Name | Connections
-----+-----+-------+-----------+------------------+-------------------------+------------
   0 |   4 |       |      NONE |    OPEN_DRAIN_LO |      \I2C_Brain:scl(0)\ | FB(Net_45)
     |   5 |       |      NONE |    OPEN_DRAIN_LO |      \I2C_Brain:sda(0)\ | FB(Net_46)
-----+-----+-------+-----------+------------------+-------------------------+------------
   1 |   0 |       |      NONE |    OPEN_DRAIN_LO | \I2C_DataPeriph:scl(0)\ | FB(Net_19)
     |   1 |       |      NONE |    OPEN_DRAIN_LO | \I2C_DataPeriph:sda(0)\ | FB(Net_20)
-----+-----+-------+-----------+------------------+-------------------------+------------
   5 |   0 |       |      NONE |    OPEN_DRAIN_LO |          \Jetty:scl(0)\ | FB(Net_67)
     |   1 |       |      NONE |    OPEN_DRAIN_LO |          \Jetty:sda(0)\ | FB(Net_68)
-----------------------------------------------------------------------------------------
</CYPRESSTAG>
</CYPRESSTAG>
</CYPRESSTAG>
Digital component placer commit/Report: Elapsed time ==> 0s.015ms
Digital Placement phase: Elapsed time ==> 1s.546ms
</CYPRESSTAG>
<CYPRESSTAG name="Digital Routing">
"C:\Program Files (x86)\Cypress\PSoC Creator\4.4\PSoC Creator\bin/sjrouter.exe" --xml-path "C:\Program Files (x86)\Cypress\PSoC Creator\4.4\PSoC Creator\dev\psoc4/2/route_arch-rrg.cydata" --vh2-path "BatteryBalance_r.vh2" --pcf-path "BatteryBalance.pco" --des-name "BatteryBalance" --dsf-path "BatteryBalance.dsf" --sdc-path "BatteryBalance.sdc" --lib-path "BatteryBalance_r.lib"
Routing successful.
Digital Routing phase: Elapsed time ==> 1s.797ms
</CYPRESSTAG>
<CYPRESSTAG name="Bitstream Generation">
Bitstream Generation phase: Elapsed time ==> 0s.562ms
</CYPRESSTAG>
<CYPRESSTAG name="Bitstream Verification">
Bitstream Verification phase: Elapsed time ==> 0s.062ms
</CYPRESSTAG>
<CYPRESSTAG name="Static timing analysis">
Timing report is in BatteryBalance_timing.html.
Static timing analysis phase: Elapsed time ==> 0s.374ms
</CYPRESSTAG>
<CYPRESSTAG name="Data reporting">
Data reporting phase: Elapsed time ==> 0s.000ms
</CYPRESSTAG>
<CYPRESSTAG name="Database update...">
Design database save phase: Elapsed time ==> 0s.296ms
</CYPRESSTAG>
cydsfit: Elapsed time ==> 6s.906ms
</CYPRESSTAG>
Fitter phase: Elapsed time ==> 6s.906ms
API generation phase: Elapsed time ==> 4s.688ms
Dependency generation phase: Elapsed time ==> 0s.031ms
Cleanup phase: Elapsed time ==> 0s.000ms
