--------------- Build Started: 02/12/2024 18:55:49 Project: BatteryBalance, Configuration: ARM GCC 5.4-2016-q2-update Debug ---------------
The code generation step is up to date.
arm-none-eabi-gcc.exe -mcpu=cortex-m0 -mthumb -I. -IGenerated_Source\PSoC4 -Wa,-alh=.\CortexM0\ARM_GCC_541\Debug/main.lst -g -D DEBUG -D CY_CORE_ID=0 -Wall -ffunction-sections -ffat-lto-objects -Og -c main.c -o .\CortexM0\ARM_GCC_541\Debug\main.o
main.c: In function 'main':
main.c:32:15: warning: unused variable 'id' [-Wunused-variable]
     uint16_t* id = 0;
               ^
arm-none-eabi-gcc.exe -mcpu=cortex-m0 -mthumb -I. -IGenerated_Source\PSoC4 -Wa,-alh=.\CortexM0\ARM_GCC_541\Debug/PortPSOC_CY8C4248AZI_L485.lst -g -D DEBUG -D CY_CORE_ID=0 -Wall -ffunction-sections -ffat-lto-objects -Og -c HindsightCAN\PortFiles\PortPSOC_CY8C4248AZI_L485.c -o .\CortexM0\ARM_GCC_541\Debug\PortPSOC_CY8C4248AZI_L485.o
In file included from Generated_Source\PSoC4/project.h:37:0,
                 from HindsightCAN\PortFiles\PortPSOC_CY8C4248AZI_L485.c:12:
HindsightCAN\PortFiles\PortPSOC_CY8C4248AZI_L485.c: In function 'CAN_FLAG_ISR':
Generated_Source\PSoC4/CAN.h:566:58: warning: 'mailbox' may be used uninitialized in this function [-Wmaybe-uninitialized]
 #define CAN_RX_CMD_REG(i)            (*(reg32 *) (&CAN_RX[i].rxcmd))
                                                          ^
HindsightCAN\PortFiles\PortPSOC_CY8C4248AZI_L485.c:172:13: note: 'mailbox' was declared here
     uint8_t mailbox;
             ^
arm-none-eabi-ar.exe -rs .\CortexM0\ARM_GCC_541\Debug\BatteryBalance.a .\CortexM0\ARM_GCC_541\Debug\CyFlash.o .\CortexM0\ARM_GCC_541\Debug\CyLib.o .\CortexM0\ARM_GCC_541\Debug\cyPm.o .\CortexM0\ARM_GCC_541\Debug\cyutils.o .\CortexM0\ARM_GCC_541\Debug\CyDMA.o .\CortexM0\ARM_GCC_541\Debug\CyLFClk.o .\CortexM0\ARM_GCC_541\Debug\cy_em_eeprom.o .\CortexM0\ARM_GCC_541\Debug\INA226_I2C.o .\CortexM0\ARM_GCC_541\Debug\INA226_I2C_I2C_INT.o .\CortexM0\ARM_GCC_541\Debug\INA226_I2C_I2C.o .\CortexM0\ARM_GCC_541\Debug\INA226_I2C_I2C_BOOT.o .\CortexM0\ARM_GCC_541\Debug\INA226_I2C_PM.o .\CortexM0\ARM_GCC_541\Debug\INA226_I2C_BOOT.o .\CortexM0\ARM_GCC_541\Debug\INA226_I2C_I2C_MASTER.o .\CortexM0\ARM_GCC_541\Debug\INA226_I2C_SCBCLK.o .\CortexM0\ARM_GCC_541\Debug\INA226_I2C_sda.o .\CortexM0\ARM_GCC_541\Debug\INA226_I2C_sda_PM.o .\CortexM0\ARM_GCC_541\Debug\INA226_I2C_scl.o .\CortexM0\ARM_GCC_541\Debug\INA226_I2C_scl_PM.o .\CortexM0\ARM_GCC_541\Debug\INA226_I2C_SCB_IRQ.o .\CortexM0\ARM_GCC_541\Debug\DBG_UART.o .\CortexM0\ARM_GCC_541\Debug\DBG_UART_SPI_UART.o .\CortexM0\ARM_GCC_541\Debug\DBG_UART_SPI_UART_INT.o .\CortexM0\ARM_GCC_541\Debug\DBG_UART_PM.o .\CortexM0\ARM_GCC_541\Debug\DBG_UART_UART.o .\CortexM0\ARM_GCC_541\Debug\DBG_UART_BOOT.o .\CortexM0\ARM_GCC_541\Debug\DBG_UART_UART_BOOT.o .\CortexM0\ARM_GCC_541\Debug\DBG_UART_SCBCLK.o .\CortexM0\ARM_GCC_541\Debug\DBG_UART_tx.o .\CortexM0\ARM_GCC_541\Debug\DBG_UART_tx_PM.o .\CortexM0\ARM_GCC_541\Debug\DBG_UART_rx.o .\CortexM0\ARM_GCC_541\Debug\DBG_UART_rx_PM.o .\CortexM0\ARM_GCC_541\Debug\RX_1.o .\CortexM0\ARM_GCC_541\Debug\RX_1_PM.o .\CortexM0\ARM_GCC_541\Debug\TX_1.o .\CortexM0\ARM_GCC_541\Debug\TX_1_PM.o .\CortexM0\ARM_GCC_541\Debug\CAN.o .\CortexM0\ARM_GCC_541\Debug\CAN_INT.o .\CortexM0\ARM_GCC_541\Debug\CAN_PM.o .\CortexM0\ARM_GCC_541\Debug\CAN_TX_RX_func.o .\CortexM0\ARM_GCC_541\Debug\CAN_isr.o .\CortexM0\ARM_GCC_541\Debug\CAN_HFCLK.o .\CortexM0\ARM_GCC_541\Debug\CyBootAsmGnu.o
arm-none-eabi-ar.exe: creating .\CortexM0\ARM_GCC_541\Debug\BatteryBalance.a
arm-none-eabi-gcc.exe -Wl,--start-group -o C:\Users\tsien\Documents\GitHub\Battery_Management_Board_PY2023\BatteryBalance\BatteryBalance.cydsn\CortexM0\ARM_GCC_541\Debug\BatteryBalance.elf .\CortexM0\ARM_GCC_541\Debug\main.o .\CortexM0\ARM_GCC_541\Debug\battery.o .\CortexM0\ARM_GCC_541\Debug\INA226.o .\CortexM0\ARM_GCC_541\Debug\CANCommon.o .\CortexM0\ARM_GCC_541\Debug\CANGPIO.o .\CortexM0\ARM_GCC_541\Debug\CANLocalization.o .\CortexM0\ARM_GCC_541\Debug\CANMotorUnit.o .\CortexM0\ARM_GCC_541\Debug\CANPower.o .\CortexM0\ARM_GCC_541\Debug\CANScience.o .\CortexM0\ARM_GCC_541\Debug\CANPacket.o .\CortexM0\ARM_GCC_541\Debug\PortPSOC_CY8C4248AZI_L485.o .\CortexM0\ARM_GCC_541\Debug\cyfitter_cfg.o .\CortexM0\ARM_GCC_541\Debug\cymetadata.o .\CortexM0\ARM_GCC_541\Debug\Cm0Start.o .\CortexM0\ARM_GCC_541\Debug\BatteryBalance.a -mcpu=cortex-m0 -mthumb -L Generated_Source\PSoC4 -Wl,-Map,.\CortexM0\ARM_GCC_541\Debug/BatteryBalance.map -T Generated_Source\PSoC4\cm0gcc.ld -specs=nano.specs -Wl,--gc-sections -g -ffunction-sections -Og -ffat-lto-objects -Wl,--end-group
cyelftool.exe -C C:\Users\tsien\Documents\GitHub\Battery_Management_Board_PY2023\BatteryBalance\BatteryBalance.cydsn\CortexM0\ARM_GCC_541\Debug\BatteryBalance.elf --flash_row_size 128 --flash_size 131072 --flash_offset 0x00000000
No ELF section .cychecksum found, creating one
Application checksum calculated and stored in ELF section .cychecksum
Checksum calculated and stored in ELF section .cymeta
cyelftool.exe -S C:\Users\tsien\Documents\GitHub\Battery_Management_Board_PY2023\BatteryBalance\BatteryBalance.cydsn\CortexM0\ARM_GCC_541\Debug\BatteryBalance.elf
Flash used: 8968 of 131072 bytes (6.8%).
SRAM used: 2888 of 16384 bytes (17.6%). Stack: 2048 bytes. Heap: 128 bytes.
--------------- Build Succeeded: 02/12/2024 18:55:58 ---------------
