--------------- Rebuild Started: 01/11/2024 17:53:20 Project: BatteryBalance, Configuration: ARM GCC 5.4-2016-q2-update Debug ---------------
Deleting file ".\CortexM0\ARM_GCC_541\Debug\main.o"
Deleting file ".\CortexM0\ARM_GCC_541\Debug\battery.o"
Deleting file ".\CortexM0\ARM_GCC_541\Debug\INA226.o"
Deleting file ".\CortexM0\ARM_GCC_541\Debug\CANCommon.o"
Deleting file ".\CortexM0\ARM_GCC_541\Debug\CANGPIO.o"
Deleting file ".\CortexM0\ARM_GCC_541\Debug\CANLocalization.o"
Deleting file ".\CortexM0\ARM_GCC_541\Debug\CANMotorUnit.o"
Deleting file ".\CortexM0\ARM_GCC_541\Debug\CANPower.o"
Deleting file ".\CortexM0\ARM_GCC_541\Debug\CANScience.o"
Deleting file ".\CortexM0\ARM_GCC_541\Debug\PortTemplate.o"
Deleting file ".\CortexM0\ARM_GCC_541\Debug\cyfitter_cfg.o"
Deleting file ".\CortexM0\ARM_GCC_541\Debug\cymetadata.o"
Deleting file ".\CortexM0\ARM_GCC_541\Debug\Cm0Start.o"
Deleting file ".\CortexM0\ARM_GCC_541\Debug\CyFlash.o"
Deleting file ".\CortexM0\ARM_GCC_541\Debug\CyLib.o"
Deleting file ".\CortexM0\ARM_GCC_541\Debug\cyPm.o"
Deleting file ".\CortexM0\ARM_GCC_541\Debug\cyutils.o"
Deleting file ".\CortexM0\ARM_GCC_541\Debug\CyBootAsmGnu.o"
Deleting file ".\CortexM0\ARM_GCC_541\Debug\CyLFClk.o"
Deleting file ".\CortexM0\ARM_GCC_541\Debug\cy_em_eeprom.o"
Deleting file ".\CortexM0\ARM_GCC_541\Debug\INA226_I2C.o"
Deleting file ".\CortexM0\ARM_GCC_541\Debug\INA226_I2C_I2C_INT.o"
Deleting file ".\CortexM0\ARM_GCC_541\Debug\INA226_I2C_I2C.o"
Deleting file ".\CortexM0\ARM_GCC_541\Debug\INA226_I2C_I2C_BOOT.o"
Deleting file ".\CortexM0\ARM_GCC_541\Debug\INA226_I2C_PM.o"
Deleting file ".\CortexM0\ARM_GCC_541\Debug\INA226_I2C_BOOT.o"
Deleting file ".\CortexM0\ARM_GCC_541\Debug\INA226_I2C_I2C_MASTER.o"
Deleting file ".\CortexM0\ARM_GCC_541\Debug\INA226_I2C_SCBCLK.o"
Deleting file ".\CortexM0\ARM_GCC_541\Debug\INA226_I2C_sda.o"
Deleting file ".\CortexM0\ARM_GCC_541\Debug\INA226_I2C_sda_PM.o"
Deleting file ".\CortexM0\ARM_GCC_541\Debug\INA226_I2C_scl.o"
Deleting file ".\CortexM0\ARM_GCC_541\Debug\INA226_I2C_scl_PM.o"
Deleting file ".\CortexM0\ARM_GCC_541\Debug\INA226_I2C_SCB_IRQ.o"
Deleting file ".\CortexM0\ARM_GCC_541\Debug\DBG_UART.o"
Deleting file ".\CortexM0\ARM_GCC_541\Debug\DBG_UART_SPI_UART.o"
Deleting file ".\CortexM0\ARM_GCC_541\Debug\DBG_UART_SPI_UART_INT.o"
Deleting file ".\CortexM0\ARM_GCC_541\Debug\DBG_UART_PM.o"
Deleting file ".\CortexM0\ARM_GCC_541\Debug\DBG_UART_UART.o"
Deleting file ".\CortexM0\ARM_GCC_541\Debug\DBG_UART_BOOT.o"
Deleting file ".\CortexM0\ARM_GCC_541\Debug\DBG_UART_UART_BOOT.o"
Deleting file ".\CortexM0\ARM_GCC_541\Debug\DBG_UART_SCBCLK.o"
Deleting file ".\CortexM0\ARM_GCC_541\Debug\DBG_UART_tx.o"
Deleting file ".\CortexM0\ARM_GCC_541\Debug\DBG_UART_tx_PM.o"
Deleting file ".\CortexM0\ARM_GCC_541\Debug\DBG_UART_rx.o"
Deleting file ".\CortexM0\ARM_GCC_541\Debug\DBG_UART_rx_PM.o"
Deleting file ".\CortexM0\ARM_GCC_541\Debug\BatteryBalance.hex"
Deleting file ".\CortexM0\ARM_GCC_541\Debug\BatteryBalance.map"
Deleting file ".\BatteryBalance.cycdx"
Deleting file ".\BatteryBalance.svd"
Deleting file ".\BatteryBalance.rpt"
Deleting file ".\BatteryBalance_timing.html"
Deleting file ".\CortexM0\ARM_GCC_541\Debug\.deps\SOURCE_C__ARM_GCC_GENERIC.P"
Deleting file ".\CortexM0\ARM_GCC_541\Debug\.deps\SOURCE_ASM__ARM_GCC_GENERIC.P"
cydsfit.exe -.appdatapath "C:\Users\tsien\AppData\Local\Cypress Semiconductor\PSoC Creator\4.4" -.fdsnotice -.fdswarpdepfile=warp_dependencies.txt -.fdselabdepfile=elab_dependencies.txt -.fdsbldfile=generated_files.txt -.fdsreffile=referenced_files.txt -p C:\Users\tsien\Documents\GitHub\Battery_Management_Board_PY2023\BatteryBalance\BatteryBalance.cydsn\BatteryBalance.cyprj -d CY8C4245AXI-483 -s C:\Users\tsien\Documents\GitHub\Battery_Management_Board_PY2023\BatteryBalance\BatteryBalance.cydsn\Generated_Source\PSoC4 -- -yv2 -q10 -ygs -o2 -v3 -.fftcfgtype=LE
Elaborating Design...
HDL Generation...
Synthesis...
Tech Mapping...
ADD: pft.M0040: information: The following 4 pin(s) will be assigned a location by the fitter: \DBG_UART:rx(0)\, \DBG_UART:tx(0)\, \INA226_I2C:scl(0)\, \INA226_I2C:sda(0)\
Analog Placement...
Analog Routing...
Analog Code Generation...
Digital Placement...
Digital Routing...
Bitstream Generation...
Bitstream Verification...
Static timing analysis...
API Generation...
Dependency Generation...
Cleanup...
arm-none-eabi-gcc.exe -mcpu=cortex-m0 -mthumb -I. -IGenerated_Source\PSoC4 -Wa,-alh=.\CortexM0\ARM_GCC_541\Debug/main.lst -g -D DEBUG -D CY_CORE_ID=0 -Wall -ffunction-sections -ffat-lto-objects -Og -c main.c -o .\CortexM0\ARM_GCC_541\Debug\main.o
main.c:16:35: fatal error: ./HindsightCAN/Common.h: No such file or directory
compilation terminated.
The command 'arm-none-eabi-gcc.exe' failed with exit code '1'.
--------------- Rebuild Failed: 01/11/2024 17:54:00 ---------------
