ARM GAS  C:\Users\tsien\AppData\Local\Temp\ccCO1WSq.s 			page 1


   1              		.syntax unified
   2              		.cpu cortex-m0
   3              		.fpu softvfp
   4              		.eabi_attribute 20, 1
   5              		.eabi_attribute 21, 1
   6              		.eabi_attribute 23, 3
   7              		.eabi_attribute 24, 1
   8              		.eabi_attribute 25, 1
   9              		.eabi_attribute 26, 1
  10              		.eabi_attribute 30, 1
  11              		.eabi_attribute 34, 0
  12              		.eabi_attribute 18, 4
  13              		.thumb
  14              		.syntax unified
  15              		.file	"Jetty_I2C.c"
  16              		.text
  17              	.Ltext0:
  18              		.cfi_sections	.debug_frame
  19              		.section	.text.Jetty_I2CInit,"ax",%progbits
  20              		.align	2
  21              		.global	Jetty_I2CInit
  22              		.code	16
  23              		.thumb_func
  24              		.type	Jetty_I2CInit, %function
  25              	Jetty_I2CInit:
  26              	.LFB0:
  27              		.file 1 "Generated_Source\\PSoC4\\Jetty_I2C.c"
   1:Generated_Source\PSoC4/Jetty_I2C.c **** /***************************************************************************//**
   2:Generated_Source\PSoC4/Jetty_I2C.c **** * \file Jetty_I2C.c
   3:Generated_Source\PSoC4/Jetty_I2C.c **** * \version 4.0
   4:Generated_Source\PSoC4/Jetty_I2C.c **** *
   5:Generated_Source\PSoC4/Jetty_I2C.c **** * \brief
   6:Generated_Source\PSoC4/Jetty_I2C.c **** *  This file provides the source code to the API for the SCB Component in
   7:Generated_Source\PSoC4/Jetty_I2C.c **** *  I2C mode.
   8:Generated_Source\PSoC4/Jetty_I2C.c **** *
   9:Generated_Source\PSoC4/Jetty_I2C.c **** * Note:
  10:Generated_Source\PSoC4/Jetty_I2C.c **** *
  11:Generated_Source\PSoC4/Jetty_I2C.c **** *******************************************************************************
  12:Generated_Source\PSoC4/Jetty_I2C.c **** * \copyright
  13:Generated_Source\PSoC4/Jetty_I2C.c **** * Copyright 2013-2017, Cypress Semiconductor Corporation.  All rights reserved.
  14:Generated_Source\PSoC4/Jetty_I2C.c **** * You may use this file only in accordance with the license, terms, conditions,
  15:Generated_Source\PSoC4/Jetty_I2C.c **** * disclaimers, and limitations in the end user license agreement accompanying
  16:Generated_Source\PSoC4/Jetty_I2C.c **** * the software package with which this file was provided.
  17:Generated_Source\PSoC4/Jetty_I2C.c **** *******************************************************************************/
  18:Generated_Source\PSoC4/Jetty_I2C.c **** 
  19:Generated_Source\PSoC4/Jetty_I2C.c **** #include "Jetty_PVT.h"
  20:Generated_Source\PSoC4/Jetty_I2C.c **** #include "Jetty_I2C_PVT.h"
  21:Generated_Source\PSoC4/Jetty_I2C.c **** 
  22:Generated_Source\PSoC4/Jetty_I2C.c **** 
  23:Generated_Source\PSoC4/Jetty_I2C.c **** /***************************************
  24:Generated_Source\PSoC4/Jetty_I2C.c **** *      I2C Private Vars
  25:Generated_Source\PSoC4/Jetty_I2C.c **** ***************************************/
  26:Generated_Source\PSoC4/Jetty_I2C.c **** 
  27:Generated_Source\PSoC4/Jetty_I2C.c **** volatile uint8 Jetty_state;  /* Current state of I2C FSM */
  28:Generated_Source\PSoC4/Jetty_I2C.c **** 
  29:Generated_Source\PSoC4/Jetty_I2C.c **** #if(Jetty_SCB_MODE_UNCONFIG_CONST_CFG)
  30:Generated_Source\PSoC4/Jetty_I2C.c **** 
ARM GAS  C:\Users\tsien\AppData\Local\Temp\ccCO1WSq.s 			page 2


  31:Generated_Source\PSoC4/Jetty_I2C.c ****     /***************************************
  32:Generated_Source\PSoC4/Jetty_I2C.c ****     *  Configuration Structure Initialization
  33:Generated_Source\PSoC4/Jetty_I2C.c ****     ***************************************/
  34:Generated_Source\PSoC4/Jetty_I2C.c **** 
  35:Generated_Source\PSoC4/Jetty_I2C.c ****     /* Constant configuration of I2C */
  36:Generated_Source\PSoC4/Jetty_I2C.c ****     const Jetty_I2C_INIT_STRUCT Jetty_configI2C =
  37:Generated_Source\PSoC4/Jetty_I2C.c ****     {
  38:Generated_Source\PSoC4/Jetty_I2C.c ****         Jetty_I2C_MODE,
  39:Generated_Source\PSoC4/Jetty_I2C.c ****         Jetty_I2C_OVS_FACTOR_LOW,
  40:Generated_Source\PSoC4/Jetty_I2C.c ****         Jetty_I2C_OVS_FACTOR_HIGH,
  41:Generated_Source\PSoC4/Jetty_I2C.c ****         Jetty_I2C_MEDIAN_FILTER_ENABLE,
  42:Generated_Source\PSoC4/Jetty_I2C.c ****         Jetty_I2C_SLAVE_ADDRESS,
  43:Generated_Source\PSoC4/Jetty_I2C.c ****         Jetty_I2C_SLAVE_ADDRESS_MASK,
  44:Generated_Source\PSoC4/Jetty_I2C.c ****         Jetty_I2C_ACCEPT_ADDRESS,
  45:Generated_Source\PSoC4/Jetty_I2C.c ****         Jetty_I2C_WAKE_ENABLE,
  46:Generated_Source\PSoC4/Jetty_I2C.c ****         Jetty_I2C_BYTE_MODE_ENABLE,
  47:Generated_Source\PSoC4/Jetty_I2C.c ****         Jetty_I2C_DATA_RATE,
  48:Generated_Source\PSoC4/Jetty_I2C.c ****         Jetty_I2C_ACCEPT_GENERAL_CALL,
  49:Generated_Source\PSoC4/Jetty_I2C.c ****     };
  50:Generated_Source\PSoC4/Jetty_I2C.c **** 
  51:Generated_Source\PSoC4/Jetty_I2C.c ****     /*******************************************************************************
  52:Generated_Source\PSoC4/Jetty_I2C.c ****     * Function Name: Jetty_I2CInit
  53:Generated_Source\PSoC4/Jetty_I2C.c ****     ****************************************************************************//**
  54:Generated_Source\PSoC4/Jetty_I2C.c ****     *
  55:Generated_Source\PSoC4/Jetty_I2C.c ****     *
  56:Generated_Source\PSoC4/Jetty_I2C.c ****     *  Configures the Jetty for I2C operation.
  57:Generated_Source\PSoC4/Jetty_I2C.c ****     *
  58:Generated_Source\PSoC4/Jetty_I2C.c ****     *  This function is intended specifically to be used when the Jetty 
  59:Generated_Source\PSoC4/Jetty_I2C.c ****     *  configuration is set to “Unconfigured Jetty” in the customizer. 
  60:Generated_Source\PSoC4/Jetty_I2C.c ****     *  After initializing the Jetty in I2C mode using this function, 
  61:Generated_Source\PSoC4/Jetty_I2C.c ****     *  the component can be enabled using the Jetty_Start() or 
  62:Generated_Source\PSoC4/Jetty_I2C.c ****     * Jetty_Enable() function.
  63:Generated_Source\PSoC4/Jetty_I2C.c ****     *  This function uses a pointer to a structure that provides the configuration 
  64:Generated_Source\PSoC4/Jetty_I2C.c ****     *  settings. This structure contains the same information that would otherwise 
  65:Generated_Source\PSoC4/Jetty_I2C.c ****     *  be provided by the customizer settings.
  66:Generated_Source\PSoC4/Jetty_I2C.c ****     *
  67:Generated_Source\PSoC4/Jetty_I2C.c ****     *  \param config: pointer to a structure that contains the following list of 
  68:Generated_Source\PSoC4/Jetty_I2C.c ****     *   fields. These fields match the selections available in the customizer. 
  69:Generated_Source\PSoC4/Jetty_I2C.c ****     *   Refer to the customizer for further description of the settings.
  70:Generated_Source\PSoC4/Jetty_I2C.c ****     *
  71:Generated_Source\PSoC4/Jetty_I2C.c ****     *******************************************************************************/
  72:Generated_Source\PSoC4/Jetty_I2C.c ****     void Jetty_I2CInit(const Jetty_I2C_INIT_STRUCT *config)
  73:Generated_Source\PSoC4/Jetty_I2C.c ****     {
  74:Generated_Source\PSoC4/Jetty_I2C.c ****         uint32 medianFilter;
  75:Generated_Source\PSoC4/Jetty_I2C.c ****         uint32 locEnableWake;
  76:Generated_Source\PSoC4/Jetty_I2C.c **** 
  77:Generated_Source\PSoC4/Jetty_I2C.c ****         if(NULL == config)
  78:Generated_Source\PSoC4/Jetty_I2C.c ****         {
  79:Generated_Source\PSoC4/Jetty_I2C.c ****             CYASSERT(0u != 0u); /* Halt execution due to bad function parameter */
  80:Generated_Source\PSoC4/Jetty_I2C.c ****         }
  81:Generated_Source\PSoC4/Jetty_I2C.c ****         else
  82:Generated_Source\PSoC4/Jetty_I2C.c ****         {
  83:Generated_Source\PSoC4/Jetty_I2C.c ****             /* Configure pins */
  84:Generated_Source\PSoC4/Jetty_I2C.c ****             Jetty_SetPins(Jetty_SCB_MODE_I2C, Jetty_DUMMY_PARAM,
  85:Generated_Source\PSoC4/Jetty_I2C.c ****                                      Jetty_DUMMY_PARAM);
  86:Generated_Source\PSoC4/Jetty_I2C.c **** 
  87:Generated_Source\PSoC4/Jetty_I2C.c ****             /* Store internal configuration */
ARM GAS  C:\Users\tsien\AppData\Local\Temp\ccCO1WSq.s 			page 3


  88:Generated_Source\PSoC4/Jetty_I2C.c ****             Jetty_scbMode       = (uint8) Jetty_SCB_MODE_I2C;
  89:Generated_Source\PSoC4/Jetty_I2C.c ****             Jetty_scbEnableWake = (uint8) config->enableWake;
  90:Generated_Source\PSoC4/Jetty_I2C.c ****             Jetty_scbEnableIntr = (uint8) Jetty_SCB_IRQ_INTERNAL;
  91:Generated_Source\PSoC4/Jetty_I2C.c **** 
  92:Generated_Source\PSoC4/Jetty_I2C.c ****             Jetty_mode          = (uint8) config->mode;
  93:Generated_Source\PSoC4/Jetty_I2C.c ****             Jetty_acceptAddr    = (uint8) config->acceptAddr;
  94:Generated_Source\PSoC4/Jetty_I2C.c **** 
  95:Generated_Source\PSoC4/Jetty_I2C.c ****         #if (Jetty_CY_SCBIP_V0)
  96:Generated_Source\PSoC4/Jetty_I2C.c ****             /* Adjust SDA filter settings. Ticket ID#150521 */
  97:Generated_Source\PSoC4/Jetty_I2C.c ****             Jetty_SET_I2C_CFG_SDA_FILT_TRIM(Jetty_EC_AM_I2C_CFG_SDA_FILT_TRIM);
  98:Generated_Source\PSoC4/Jetty_I2C.c ****         #endif /* (Jetty_CY_SCBIP_V0) */
  99:Generated_Source\PSoC4/Jetty_I2C.c **** 
 100:Generated_Source\PSoC4/Jetty_I2C.c ****             /* Adjust AF and DF filter settings. Ticket ID#176179 */
 101:Generated_Source\PSoC4/Jetty_I2C.c ****             if (((Jetty_I2C_MODE_SLAVE != config->mode) &&
 102:Generated_Source\PSoC4/Jetty_I2C.c ****                  (config->dataRate <= Jetty_I2C_DATA_RATE_FS_MODE_MAX)) ||
 103:Generated_Source\PSoC4/Jetty_I2C.c ****                  (Jetty_I2C_MODE_SLAVE == config->mode))
 104:Generated_Source\PSoC4/Jetty_I2C.c ****             {
 105:Generated_Source\PSoC4/Jetty_I2C.c ****                 /* AF = 1, DF = 0 */
 106:Generated_Source\PSoC4/Jetty_I2C.c ****                 Jetty_I2C_CFG_ANALOG_FITER_ENABLE;
 107:Generated_Source\PSoC4/Jetty_I2C.c ****                 medianFilter = Jetty_DIGITAL_FILTER_DISABLE;
 108:Generated_Source\PSoC4/Jetty_I2C.c ****             }
 109:Generated_Source\PSoC4/Jetty_I2C.c ****             else
 110:Generated_Source\PSoC4/Jetty_I2C.c ****             {
 111:Generated_Source\PSoC4/Jetty_I2C.c ****                 /* AF = 0, DF = 1 */
 112:Generated_Source\PSoC4/Jetty_I2C.c ****                 Jetty_I2C_CFG_ANALOG_FITER_DISABLE;
 113:Generated_Source\PSoC4/Jetty_I2C.c ****                 medianFilter = Jetty_DIGITAL_FILTER_ENABLE;
 114:Generated_Source\PSoC4/Jetty_I2C.c ****             }
 115:Generated_Source\PSoC4/Jetty_I2C.c **** 
 116:Generated_Source\PSoC4/Jetty_I2C.c ****         #if (!Jetty_CY_SCBIP_V0)
 117:Generated_Source\PSoC4/Jetty_I2C.c ****             locEnableWake = (Jetty_I2C_MULTI_MASTER_SLAVE) ? (0u) : (config->enableWake);
 118:Generated_Source\PSoC4/Jetty_I2C.c ****         #else
 119:Generated_Source\PSoC4/Jetty_I2C.c ****             locEnableWake = config->enableWake;
 120:Generated_Source\PSoC4/Jetty_I2C.c ****         #endif /* (!Jetty_CY_SCBIP_V0) */
 121:Generated_Source\PSoC4/Jetty_I2C.c **** 
 122:Generated_Source\PSoC4/Jetty_I2C.c ****             /* Configure I2C interface */
 123:Generated_Source\PSoC4/Jetty_I2C.c ****             Jetty_CTRL_REG     = Jetty_GET_CTRL_BYTE_MODE  (config->enableByteMode) |
 124:Generated_Source\PSoC4/Jetty_I2C.c ****                                             Jetty_GET_CTRL_ADDR_ACCEPT(config->acceptAddr)     |
 125:Generated_Source\PSoC4/Jetty_I2C.c ****                                             Jetty_GET_CTRL_EC_AM_MODE (locEnableWake);
 126:Generated_Source\PSoC4/Jetty_I2C.c **** 
 127:Generated_Source\PSoC4/Jetty_I2C.c ****             Jetty_I2C_CTRL_REG = Jetty_GET_I2C_CTRL_HIGH_PHASE_OVS(config->oversampleHigh) |
 128:Generated_Source\PSoC4/Jetty_I2C.c ****                     Jetty_GET_I2C_CTRL_LOW_PHASE_OVS (config->oversampleLow)                       
 129:Generated_Source\PSoC4/Jetty_I2C.c ****                     Jetty_GET_I2C_CTRL_S_GENERAL_IGNORE((uint32)(0u == config->acceptGeneralAddr)) 
 130:Generated_Source\PSoC4/Jetty_I2C.c ****                     Jetty_GET_I2C_CTRL_SL_MSTR_MODE  (config->mode);
 131:Generated_Source\PSoC4/Jetty_I2C.c **** 
 132:Generated_Source\PSoC4/Jetty_I2C.c ****             /* Configure RX direction */
 133:Generated_Source\PSoC4/Jetty_I2C.c ****             Jetty_RX_CTRL_REG      = Jetty_GET_RX_CTRL_MEDIAN(medianFilter) |
 134:Generated_Source\PSoC4/Jetty_I2C.c ****                                                 Jetty_I2C_RX_CTRL;
 135:Generated_Source\PSoC4/Jetty_I2C.c ****             Jetty_RX_FIFO_CTRL_REG = Jetty_CLEAR_REG;
 136:Generated_Source\PSoC4/Jetty_I2C.c **** 
 137:Generated_Source\PSoC4/Jetty_I2C.c ****             /* Set default address and mask */
 138:Generated_Source\PSoC4/Jetty_I2C.c ****             Jetty_RX_MATCH_REG    = ((Jetty_I2C_SLAVE) ?
 139:Generated_Source\PSoC4/Jetty_I2C.c ****                                                 (Jetty_GET_I2C_8BIT_ADDRESS(config->slaveAddr) |
 140:Generated_Source\PSoC4/Jetty_I2C.c ****                                                  Jetty_GET_RX_MATCH_MASK(config->slaveAddrMask)) :
 141:Generated_Source\PSoC4/Jetty_I2C.c ****                                                 (Jetty_CLEAR_REG));
 142:Generated_Source\PSoC4/Jetty_I2C.c **** 
 143:Generated_Source\PSoC4/Jetty_I2C.c **** 
 144:Generated_Source\PSoC4/Jetty_I2C.c ****             /* Configure TX direction */
ARM GAS  C:\Users\tsien\AppData\Local\Temp\ccCO1WSq.s 			page 4


 145:Generated_Source\PSoC4/Jetty_I2C.c ****             Jetty_TX_CTRL_REG      = Jetty_I2C_TX_CTRL;
 146:Generated_Source\PSoC4/Jetty_I2C.c ****             Jetty_TX_FIFO_CTRL_REG = Jetty_CLEAR_REG;
 147:Generated_Source\PSoC4/Jetty_I2C.c **** 
 148:Generated_Source\PSoC4/Jetty_I2C.c ****             /* Configure interrupt with I2C handler but do not enable it */
 149:Generated_Source\PSoC4/Jetty_I2C.c ****             CyIntDisable    (Jetty_ISR_NUMBER);
 150:Generated_Source\PSoC4/Jetty_I2C.c ****             CyIntSetPriority(Jetty_ISR_NUMBER, Jetty_ISR_PRIORITY);
 151:Generated_Source\PSoC4/Jetty_I2C.c ****             (void) CyIntSetVector(Jetty_ISR_NUMBER, &Jetty_I2C_ISR);
 152:Generated_Source\PSoC4/Jetty_I2C.c **** 
 153:Generated_Source\PSoC4/Jetty_I2C.c ****             /* Configure interrupt sources */
 154:Generated_Source\PSoC4/Jetty_I2C.c ****         #if(!Jetty_CY_SCBIP_V1)
 155:Generated_Source\PSoC4/Jetty_I2C.c ****             Jetty_INTR_SPI_EC_MASK_REG = Jetty_NO_INTR_SOURCES;
 156:Generated_Source\PSoC4/Jetty_I2C.c ****         #endif /* (!Jetty_CY_SCBIP_V1) */
 157:Generated_Source\PSoC4/Jetty_I2C.c **** 
 158:Generated_Source\PSoC4/Jetty_I2C.c ****             Jetty_INTR_I2C_EC_MASK_REG = Jetty_NO_INTR_SOURCES;
 159:Generated_Source\PSoC4/Jetty_I2C.c ****             Jetty_INTR_RX_MASK_REG     = Jetty_NO_INTR_SOURCES;
 160:Generated_Source\PSoC4/Jetty_I2C.c ****             Jetty_INTR_TX_MASK_REG     = Jetty_NO_INTR_SOURCES;
 161:Generated_Source\PSoC4/Jetty_I2C.c **** 
 162:Generated_Source\PSoC4/Jetty_I2C.c ****             Jetty_INTR_SLAVE_MASK_REG  = ((Jetty_I2C_SLAVE) ?
 163:Generated_Source\PSoC4/Jetty_I2C.c ****                             (Jetty_GET_INTR_SLAVE_I2C_GENERAL(config->acceptGeneralAddr) |
 164:Generated_Source\PSoC4/Jetty_I2C.c ****                              Jetty_I2C_INTR_SLAVE_MASK) : (Jetty_CLEAR_REG));
 165:Generated_Source\PSoC4/Jetty_I2C.c **** 
 166:Generated_Source\PSoC4/Jetty_I2C.c ****             Jetty_INTR_MASTER_MASK_REG = Jetty_NO_INTR_SOURCES;
 167:Generated_Source\PSoC4/Jetty_I2C.c **** 
 168:Generated_Source\PSoC4/Jetty_I2C.c ****             /* Configure global variables */
 169:Generated_Source\PSoC4/Jetty_I2C.c ****             Jetty_state = Jetty_I2C_FSM_IDLE;
 170:Generated_Source\PSoC4/Jetty_I2C.c **** 
 171:Generated_Source\PSoC4/Jetty_I2C.c ****             /* Internal slave variables */
 172:Generated_Source\PSoC4/Jetty_I2C.c ****             Jetty_slStatus        = 0u;
 173:Generated_Source\PSoC4/Jetty_I2C.c ****             Jetty_slRdBufIndex    = 0u;
 174:Generated_Source\PSoC4/Jetty_I2C.c ****             Jetty_slWrBufIndex    = 0u;
 175:Generated_Source\PSoC4/Jetty_I2C.c ****             Jetty_slOverFlowCount = 0u;
 176:Generated_Source\PSoC4/Jetty_I2C.c **** 
 177:Generated_Source\PSoC4/Jetty_I2C.c ****             /* Internal master variables */
 178:Generated_Source\PSoC4/Jetty_I2C.c ****             Jetty_mstrStatus     = 0u;
 179:Generated_Source\PSoC4/Jetty_I2C.c ****             Jetty_mstrRdBufIndex = 0u;
 180:Generated_Source\PSoC4/Jetty_I2C.c ****             Jetty_mstrWrBufIndex = 0u;
 181:Generated_Source\PSoC4/Jetty_I2C.c ****         }
 182:Generated_Source\PSoC4/Jetty_I2C.c ****     }
 183:Generated_Source\PSoC4/Jetty_I2C.c **** 
 184:Generated_Source\PSoC4/Jetty_I2C.c **** #else
 185:Generated_Source\PSoC4/Jetty_I2C.c **** 
 186:Generated_Source\PSoC4/Jetty_I2C.c ****     /*******************************************************************************
 187:Generated_Source\PSoC4/Jetty_I2C.c ****     * Function Name: Jetty_I2CInit
 188:Generated_Source\PSoC4/Jetty_I2C.c ****     ****************************************************************************//**
 189:Generated_Source\PSoC4/Jetty_I2C.c ****     *
 190:Generated_Source\PSoC4/Jetty_I2C.c ****     *  Configures the SCB for the I2C operation.
 191:Generated_Source\PSoC4/Jetty_I2C.c ****     *
 192:Generated_Source\PSoC4/Jetty_I2C.c ****     *******************************************************************************/
 193:Generated_Source\PSoC4/Jetty_I2C.c ****     void Jetty_I2CInit(void)
 194:Generated_Source\PSoC4/Jetty_I2C.c ****     {
  28              		.loc 1 194 0
  29              		.cfi_startproc
  30              		@ args = 0, pretend = 0, frame = 0
  31              		@ frame_needed = 0, uses_anonymous_args = 0
  32 0000 10B5     		push	{r4, lr}
  33              		.cfi_def_cfa_offset 8
  34              		.cfi_offset 4, -8
ARM GAS  C:\Users\tsien\AppData\Local\Temp\ccCO1WSq.s 			page 5


  35              		.cfi_offset 14, -4
 195:Generated_Source\PSoC4/Jetty_I2C.c ****     #if(Jetty_CY_SCBIP_V0)
 196:Generated_Source\PSoC4/Jetty_I2C.c ****         /* Adjust SDA filter settings. Ticket ID#150521 */
 197:Generated_Source\PSoC4/Jetty_I2C.c ****         Jetty_SET_I2C_CFG_SDA_FILT_TRIM(Jetty_EC_AM_I2C_CFG_SDA_FILT_TRIM);
  36              		.loc 1 197 0
  37 0002 1B4A     		ldr	r2, .L2
  38 0004 1168     		ldr	r1, [r2]
  39 0006 0C23     		movs	r3, #12
  40 0008 0B43     		orrs	r3, r1
  41 000a 1360     		str	r3, [r2]
 198:Generated_Source\PSoC4/Jetty_I2C.c ****     #endif /* (Jetty_CY_SCBIP_V0) */
 199:Generated_Source\PSoC4/Jetty_I2C.c **** 
 200:Generated_Source\PSoC4/Jetty_I2C.c ****         /* Adjust AF and DF filter settings. Ticket ID#176179 */
 201:Generated_Source\PSoC4/Jetty_I2C.c ****         Jetty_I2C_CFG_ANALOG_FITER_ENABLE_ADJ;
 202:Generated_Source\PSoC4/Jetty_I2C.c **** 
 203:Generated_Source\PSoC4/Jetty_I2C.c ****         /* Configure I2C interface */
 204:Generated_Source\PSoC4/Jetty_I2C.c ****         Jetty_CTRL_REG     = Jetty_I2C_DEFAULT_CTRL;
  42              		.loc 1 204 0
  43 000c 0024     		movs	r4, #0
  44 000e 194B     		ldr	r3, .L2+4
  45 0010 1C60     		str	r4, [r3]
 205:Generated_Source\PSoC4/Jetty_I2C.c ****         Jetty_I2C_CTRL_REG = Jetty_I2C_DEFAULT_I2C_CTRL;
  46              		.loc 1 205 0
  47 0012 194A     		ldr	r2, .L2+8
  48 0014 194B     		ldr	r3, .L2+12
  49 0016 1A60     		str	r2, [r3]
 206:Generated_Source\PSoC4/Jetty_I2C.c **** 
 207:Generated_Source\PSoC4/Jetty_I2C.c ****         /* Configure RX direction */
 208:Generated_Source\PSoC4/Jetty_I2C.c ****         Jetty_RX_CTRL_REG      = Jetty_I2C_DEFAULT_RX_CTRL;
  50              		.loc 1 208 0
  51 0018 194B     		ldr	r3, .L2+16
  52 001a 1A4A     		ldr	r2, .L2+20
  53 001c 1360     		str	r3, [r2]
 209:Generated_Source\PSoC4/Jetty_I2C.c ****         Jetty_RX_FIFO_CTRL_REG = Jetty_I2C_DEFAULT_RX_FIFO_CTRL;
  54              		.loc 1 209 0
  55 001e 1A4A     		ldr	r2, .L2+24
  56 0020 1460     		str	r4, [r2]
 210:Generated_Source\PSoC4/Jetty_I2C.c **** 
 211:Generated_Source\PSoC4/Jetty_I2C.c ****         /* Set default address and mask */
 212:Generated_Source\PSoC4/Jetty_I2C.c ****         Jetty_RX_MATCH_REG     = Jetty_I2C_DEFAULT_RX_MATCH;
  57              		.loc 1 212 0
  58 0022 1A4A     		ldr	r2, .L2+28
  59 0024 1460     		str	r4, [r2]
 213:Generated_Source\PSoC4/Jetty_I2C.c **** 
 214:Generated_Source\PSoC4/Jetty_I2C.c ****         /* Configure TX direction */
 215:Generated_Source\PSoC4/Jetty_I2C.c ****         Jetty_TX_CTRL_REG      = Jetty_I2C_DEFAULT_TX_CTRL;
  60              		.loc 1 215 0
  61 0026 1A4A     		ldr	r2, .L2+32
  62 0028 1360     		str	r3, [r2]
 216:Generated_Source\PSoC4/Jetty_I2C.c ****         Jetty_TX_FIFO_CTRL_REG = Jetty_I2C_DEFAULT_TX_FIFO_CTRL;
  63              		.loc 1 216 0
  64 002a 1A4B     		ldr	r3, .L2+36
  65 002c 1C60     		str	r4, [r3]
 217:Generated_Source\PSoC4/Jetty_I2C.c **** 
 218:Generated_Source\PSoC4/Jetty_I2C.c ****         /* Configure interrupt with I2C handler but do not enable it */
 219:Generated_Source\PSoC4/Jetty_I2C.c ****         CyIntDisable    (Jetty_ISR_NUMBER);
  66              		.loc 1 219 0
ARM GAS  C:\Users\tsien\AppData\Local\Temp\ccCO1WSq.s 			page 6


  67 002e 0A20     		movs	r0, #10
  68 0030 FFF7FEFF 		bl	CyIntDisable
  69              	.LVL0:
 220:Generated_Source\PSoC4/Jetty_I2C.c ****         CyIntSetPriority(Jetty_ISR_NUMBER, Jetty_ISR_PRIORITY);
  70              		.loc 1 220 0
  71 0034 0321     		movs	r1, #3
  72 0036 0A20     		movs	r0, #10
  73 0038 FFF7FEFF 		bl	CyIntSetPriority
  74              	.LVL1:
 221:Generated_Source\PSoC4/Jetty_I2C.c ****     #if(!Jetty_I2C_EXTERN_INTR_HANDLER)
 222:Generated_Source\PSoC4/Jetty_I2C.c ****         (void) CyIntSetVector(Jetty_ISR_NUMBER, &Jetty_I2C_ISR);
  75              		.loc 1 222 0
  76 003c 1649     		ldr	r1, .L2+40
  77 003e 0A20     		movs	r0, #10
  78 0040 FFF7FEFF 		bl	CyIntSetVector
  79              	.LVL2:
 223:Generated_Source\PSoC4/Jetty_I2C.c ****     #endif /* (Jetty_I2C_EXTERN_INTR_HANDLER) */
 224:Generated_Source\PSoC4/Jetty_I2C.c **** 
 225:Generated_Source\PSoC4/Jetty_I2C.c ****         /* Configure interrupt sources */
 226:Generated_Source\PSoC4/Jetty_I2C.c ****     #if(!Jetty_CY_SCBIP_V1)
 227:Generated_Source\PSoC4/Jetty_I2C.c ****         Jetty_INTR_SPI_EC_MASK_REG = Jetty_I2C_DEFAULT_INTR_SPI_EC_MASK;
  80              		.loc 1 227 0
  81 0044 154B     		ldr	r3, .L2+44
  82 0046 1C60     		str	r4, [r3]
 228:Generated_Source\PSoC4/Jetty_I2C.c ****     #endif /* (!Jetty_CY_SCBIP_V1) */
 229:Generated_Source\PSoC4/Jetty_I2C.c **** 
 230:Generated_Source\PSoC4/Jetty_I2C.c ****         Jetty_INTR_I2C_EC_MASK_REG = Jetty_I2C_DEFAULT_INTR_I2C_EC_MASK;
  83              		.loc 1 230 0
  84 0048 154B     		ldr	r3, .L2+48
  85 004a 1C60     		str	r4, [r3]
 231:Generated_Source\PSoC4/Jetty_I2C.c ****         Jetty_INTR_SLAVE_MASK_REG  = Jetty_I2C_DEFAULT_INTR_SLAVE_MASK;
  86              		.loc 1 231 0
  87 004c 154B     		ldr	r3, .L2+52
  88 004e 1C60     		str	r4, [r3]
 232:Generated_Source\PSoC4/Jetty_I2C.c ****         Jetty_INTR_MASTER_MASK_REG = Jetty_I2C_DEFAULT_INTR_MASTER_MASK;
  89              		.loc 1 232 0
  90 0050 154B     		ldr	r3, .L2+56
  91 0052 1C60     		str	r4, [r3]
 233:Generated_Source\PSoC4/Jetty_I2C.c ****         Jetty_INTR_RX_MASK_REG     = Jetty_I2C_DEFAULT_INTR_RX_MASK;
  92              		.loc 1 233 0
  93 0054 154B     		ldr	r3, .L2+60
  94 0056 1C60     		str	r4, [r3]
 234:Generated_Source\PSoC4/Jetty_I2C.c ****         Jetty_INTR_TX_MASK_REG     = Jetty_I2C_DEFAULT_INTR_TX_MASK;
  95              		.loc 1 234 0
  96 0058 154B     		ldr	r3, .L2+64
  97 005a 1C60     		str	r4, [r3]
 235:Generated_Source\PSoC4/Jetty_I2C.c **** 
 236:Generated_Source\PSoC4/Jetty_I2C.c ****         /* Configure global variables */
 237:Generated_Source\PSoC4/Jetty_I2C.c ****         Jetty_state = Jetty_I2C_FSM_IDLE;
  98              		.loc 1 237 0
  99 005c 1022     		movs	r2, #16
 100 005e 154B     		ldr	r3, .L2+68
 101 0060 1A70     		strb	r2, [r3]
 238:Generated_Source\PSoC4/Jetty_I2C.c **** 
 239:Generated_Source\PSoC4/Jetty_I2C.c ****     #if(Jetty_I2C_SLAVE)
 240:Generated_Source\PSoC4/Jetty_I2C.c ****         /* Internal slave variable */
 241:Generated_Source\PSoC4/Jetty_I2C.c ****         Jetty_slStatus        = 0u;
ARM GAS  C:\Users\tsien\AppData\Local\Temp\ccCO1WSq.s 			page 7


 242:Generated_Source\PSoC4/Jetty_I2C.c ****         Jetty_slRdBufIndex    = 0u;
 243:Generated_Source\PSoC4/Jetty_I2C.c ****         Jetty_slWrBufIndex    = 0u;
 244:Generated_Source\PSoC4/Jetty_I2C.c ****         Jetty_slOverFlowCount = 0u;
 245:Generated_Source\PSoC4/Jetty_I2C.c ****     #endif /* (Jetty_I2C_SLAVE) */
 246:Generated_Source\PSoC4/Jetty_I2C.c **** 
 247:Generated_Source\PSoC4/Jetty_I2C.c ****     #if(Jetty_I2C_MASTER)
 248:Generated_Source\PSoC4/Jetty_I2C.c ****     /* Internal master variable */
 249:Generated_Source\PSoC4/Jetty_I2C.c ****         Jetty_mstrStatus     = 0u;
 102              		.loc 1 249 0
 103 0062 154B     		ldr	r3, .L2+72
 104 0064 1C80     		strh	r4, [r3]
 250:Generated_Source\PSoC4/Jetty_I2C.c ****         Jetty_mstrRdBufIndex = 0u;
 105              		.loc 1 250 0
 106 0066 154B     		ldr	r3, .L2+76
 107 0068 1C60     		str	r4, [r3]
 251:Generated_Source\PSoC4/Jetty_I2C.c ****         Jetty_mstrWrBufIndex = 0u;
 108              		.loc 1 251 0
 109 006a 154B     		ldr	r3, .L2+80
 110 006c 1C60     		str	r4, [r3]
 252:Generated_Source\PSoC4/Jetty_I2C.c ****     #endif /* (Jetty_I2C_MASTER) */
 253:Generated_Source\PSoC4/Jetty_I2C.c ****     }
 111              		.loc 1 253 0
 112              		@ sp needed
 113 006e 10BD     		pop	{r4, pc}
 114              	.L3:
 115              		.align	2
 116              	.L2:
 117 0070 70000640 		.word	1074135152
 118 0074 00000640 		.word	1074135040
 119 0078 77080080 		.word	-2147481481
 120 007c 60000640 		.word	1074135136
 121 0080 07010080 		.word	-2147483385
 122 0084 00030640 		.word	1074135808
 123 0088 04030640 		.word	1074135812
 124 008c 10030640 		.word	1074135824
 125 0090 00020640 		.word	1074135552
 126 0094 04020640 		.word	1074135556
 127 0098 00000000 		.word	Jetty_I2C_ISR
 128 009c C80E0640 		.word	1074138824
 129 00a0 880E0640 		.word	1074138760
 130 00a4 480F0640 		.word	1074138952
 131 00a8 080F0640 		.word	1074138888
 132 00ac C80F0640 		.word	1074139080
 133 00b0 880F0640 		.word	1074139016
 134 00b4 00000000 		.word	Jetty_state
 135 00b8 00000000 		.word	Jetty_mstrStatus
 136 00bc 00000000 		.word	Jetty_mstrRdBufIndex
 137 00c0 00000000 		.word	Jetty_mstrWrBufIndex
 138              		.cfi_endproc
 139              	.LFE0:
 140              		.size	Jetty_I2CInit, .-Jetty_I2CInit
 141              		.section	.text.Jetty_I2CStop,"ax",%progbits
 142              		.align	2
 143              		.global	Jetty_I2CStop
 144              		.code	16
 145              		.thumb_func
 146              		.type	Jetty_I2CStop, %function
ARM GAS  C:\Users\tsien\AppData\Local\Temp\ccCO1WSq.s 			page 8


 147              	Jetty_I2CStop:
 148              	.LFB1:
 254:Generated_Source\PSoC4/Jetty_I2C.c **** #endif /* (Jetty_SCB_MODE_UNCONFIG_CONST_CFG) */
 255:Generated_Source\PSoC4/Jetty_I2C.c **** 
 256:Generated_Source\PSoC4/Jetty_I2C.c **** 
 257:Generated_Source\PSoC4/Jetty_I2C.c **** /*******************************************************************************
 258:Generated_Source\PSoC4/Jetty_I2C.c **** * Function Name: Jetty_I2CStop
 259:Generated_Source\PSoC4/Jetty_I2C.c **** ****************************************************************************//**
 260:Generated_Source\PSoC4/Jetty_I2C.c **** *
 261:Generated_Source\PSoC4/Jetty_I2C.c **** *  Resets the I2C FSM into the default state.
 262:Generated_Source\PSoC4/Jetty_I2C.c **** *
 263:Generated_Source\PSoC4/Jetty_I2C.c **** *******************************************************************************/
 264:Generated_Source\PSoC4/Jetty_I2C.c **** void Jetty_I2CStop(void)
 265:Generated_Source\PSoC4/Jetty_I2C.c **** {
 149              		.loc 1 265 0
 150              		.cfi_startproc
 151              		@ args = 0, pretend = 0, frame = 0
 152              		@ frame_needed = 0, uses_anonymous_args = 0
 153              		@ link register save eliminated.
 266:Generated_Source\PSoC4/Jetty_I2C.c ****     /* Clear command registers because they keep assigned value after IP block was disabled */
 267:Generated_Source\PSoC4/Jetty_I2C.c ****     Jetty_I2C_MASTER_CMD_REG = 0u;
 154              		.loc 1 267 0
 155 0000 0023     		movs	r3, #0
 156 0002 044A     		ldr	r2, .L5
 157 0004 1360     		str	r3, [r2]
 268:Generated_Source\PSoC4/Jetty_I2C.c ****     Jetty_I2C_SLAVE_CMD_REG  = 0u;
 158              		.loc 1 268 0
 159 0006 044A     		ldr	r2, .L5+4
 160 0008 1360     		str	r3, [r2]
 269:Generated_Source\PSoC4/Jetty_I2C.c ****     
 270:Generated_Source\PSoC4/Jetty_I2C.c ****     Jetty_state = Jetty_I2C_FSM_IDLE;
 161              		.loc 1 270 0
 162 000a 1022     		movs	r2, #16
 163 000c 034B     		ldr	r3, .L5+8
 164 000e 1A70     		strb	r2, [r3]
 271:Generated_Source\PSoC4/Jetty_I2C.c **** }
 165              		.loc 1 271 0
 166              		@ sp needed
 167 0010 7047     		bx	lr
 168              	.L6:
 169 0012 C046     		.align	2
 170              	.L5:
 171 0014 68000640 		.word	1074135144
 172 0018 6C000640 		.word	1074135148
 173 001c 00000000 		.word	Jetty_state
 174              		.cfi_endproc
 175              	.LFE1:
 176              		.size	Jetty_I2CStop, .-Jetty_I2CStop
 177              		.section	.text.Jetty_I2CFwBlockReset,"ax",%progbits
 178              		.align	2
 179              		.global	Jetty_I2CFwBlockReset
 180              		.code	16
 181              		.thumb_func
 182              		.type	Jetty_I2CFwBlockReset, %function
 183              	Jetty_I2CFwBlockReset:
 184              	.LFB2:
 272:Generated_Source\PSoC4/Jetty_I2C.c **** 
ARM GAS  C:\Users\tsien\AppData\Local\Temp\ccCO1WSq.s 			page 9


 273:Generated_Source\PSoC4/Jetty_I2C.c **** 
 274:Generated_Source\PSoC4/Jetty_I2C.c **** /*******************************************************************************
 275:Generated_Source\PSoC4/Jetty_I2C.c **** * Function Name: Jetty_I2CFwBlockReset
 276:Generated_Source\PSoC4/Jetty_I2C.c **** ****************************************************************************//**
 277:Generated_Source\PSoC4/Jetty_I2C.c **** *
 278:Generated_Source\PSoC4/Jetty_I2C.c **** * Resets the scb IP block and I2C into the known state.
 279:Generated_Source\PSoC4/Jetty_I2C.c **** *
 280:Generated_Source\PSoC4/Jetty_I2C.c **** *******************************************************************************/
 281:Generated_Source\PSoC4/Jetty_I2C.c **** void Jetty_I2CFwBlockReset(void)
 282:Generated_Source\PSoC4/Jetty_I2C.c **** {
 185              		.loc 1 282 0
 186              		.cfi_startproc
 187              		@ args = 0, pretend = 0, frame = 0
 188              		@ frame_needed = 0, uses_anonymous_args = 0
 189 0000 10B5     		push	{r4, lr}
 190              		.cfi_def_cfa_offset 8
 191              		.cfi_offset 4, -8
 192              		.cfi_offset 14, -4
 283:Generated_Source\PSoC4/Jetty_I2C.c ****     /* Disable scb IP: stop respond to I2C traffic */
 284:Generated_Source\PSoC4/Jetty_I2C.c ****     Jetty_CTRL_REG &= (uint32) ~Jetty_CTRL_ENABLED;
 193              		.loc 1 284 0
 194 0002 144A     		ldr	r2, .L8
 195 0004 1368     		ldr	r3, [r2]
 196 0006 5B00     		lsls	r3, r3, #1
 197 0008 5B08     		lsrs	r3, r3, #1
 198 000a 1360     		str	r3, [r2]
 285:Generated_Source\PSoC4/Jetty_I2C.c **** 
 286:Generated_Source\PSoC4/Jetty_I2C.c ****     /* Clear command registers they are not cleared after scb IP is disabled */
 287:Generated_Source\PSoC4/Jetty_I2C.c ****     Jetty_I2C_MASTER_CMD_REG = 0u;
 199              		.loc 1 287 0
 200 000c 0023     		movs	r3, #0
 201 000e 1249     		ldr	r1, .L8+4
 202 0010 0B60     		str	r3, [r1]
 288:Generated_Source\PSoC4/Jetty_I2C.c ****     Jetty_I2C_SLAVE_CMD_REG  = 0u;
 203              		.loc 1 288 0
 204 0012 1249     		ldr	r1, .L8+8
 205 0014 0B60     		str	r3, [r1]
 289:Generated_Source\PSoC4/Jetty_I2C.c **** 
 290:Generated_Source\PSoC4/Jetty_I2C.c ****     Jetty_DISABLE_AUTO_DATA;
 206              		.loc 1 290 0
 207 0016 1248     		ldr	r0, .L8+12
 208 0018 0468     		ldr	r4, [r0]
 209 001a 1249     		ldr	r1, .L8+16
 210 001c 2140     		ands	r1, r4
 211 001e 0160     		str	r1, [r0]
 291:Generated_Source\PSoC4/Jetty_I2C.c **** 
 292:Generated_Source\PSoC4/Jetty_I2C.c ****     Jetty_SetTxInterruptMode(Jetty_NO_INTR_SOURCES);
 212              		.loc 1 292 0
 213 0020 1149     		ldr	r1, .L8+20
 214 0022 0B60     		str	r3, [r1]
 293:Generated_Source\PSoC4/Jetty_I2C.c ****     Jetty_SetRxInterruptMode(Jetty_NO_INTR_SOURCES);
 215              		.loc 1 293 0
 216 0024 1149     		ldr	r1, .L8+24
 217 0026 0B60     		str	r3, [r1]
 294:Generated_Source\PSoC4/Jetty_I2C.c ****     
 295:Generated_Source\PSoC4/Jetty_I2C.c **** #if(Jetty_CY_SCBIP_V0)
 296:Generated_Source\PSoC4/Jetty_I2C.c ****     /* Clear interrupt sources as they are not cleared after scb IP is disabled */
ARM GAS  C:\Users\tsien\AppData\Local\Temp\ccCO1WSq.s 			page 10


 297:Generated_Source\PSoC4/Jetty_I2C.c ****     Jetty_ClearTxInterruptSource    (Jetty_INTR_TX_ALL);
 218              		.loc 1 297 0
 219 0028 1149     		ldr	r1, .L8+28
 220 002a 124B     		ldr	r3, .L8+32
 221 002c 1960     		str	r1, [r3]
 298:Generated_Source\PSoC4/Jetty_I2C.c ****     Jetty_ClearRxInterruptSource    (Jetty_INTR_RX_ALL);
 222              		.loc 1 298 0
 223 002e 1249     		ldr	r1, .L8+36
 224 0030 124B     		ldr	r3, .L8+40
 225 0032 1960     		str	r1, [r3]
 299:Generated_Source\PSoC4/Jetty_I2C.c ****     Jetty_ClearSlaveInterruptSource (Jetty_INTR_SLAVE_ALL);
 226              		.loc 1 299 0
 227 0034 1249     		ldr	r1, .L8+44
 228 0036 134B     		ldr	r3, .L8+48
 229 0038 1960     		str	r1, [r3]
 300:Generated_Source\PSoC4/Jetty_I2C.c ****     Jetty_ClearMasterInterruptSource(Jetty_INTR_MASTER_ALL);
 230              		.loc 1 300 0
 231 003a 1349     		ldr	r1, .L8+52
 232 003c 134B     		ldr	r3, .L8+56
 233 003e 1960     		str	r1, [r3]
 301:Generated_Source\PSoC4/Jetty_I2C.c **** #endif /* (Jetty_CY_SCBIP_V0) */
 302:Generated_Source\PSoC4/Jetty_I2C.c **** 
 303:Generated_Source\PSoC4/Jetty_I2C.c ****     Jetty_state = Jetty_I2C_FSM_IDLE;
 234              		.loc 1 303 0
 235 0040 1021     		movs	r1, #16
 236 0042 134B     		ldr	r3, .L8+60
 237 0044 1970     		strb	r1, [r3]
 304:Generated_Source\PSoC4/Jetty_I2C.c **** 
 305:Generated_Source\PSoC4/Jetty_I2C.c ****     /* Enable scb IP: start respond to I2C traffic */
 306:Generated_Source\PSoC4/Jetty_I2C.c ****     Jetty_CTRL_REG |= (uint32) Jetty_CTRL_ENABLED;
 238              		.loc 1 306 0
 239 0046 1368     		ldr	r3, [r2]
 240 0048 8021     		movs	r1, #128
 241 004a 0906     		lsls	r1, r1, #24
 242 004c 0B43     		orrs	r3, r1
 243 004e 1360     		str	r3, [r2]
 307:Generated_Source\PSoC4/Jetty_I2C.c **** }
 244              		.loc 1 307 0
 245              		@ sp needed
 246 0050 10BD     		pop	{r4, pc}
 247              	.L9:
 248 0052 C046     		.align	2
 249              	.L8:
 250 0054 00000640 		.word	1074135040
 251 0058 68000640 		.word	1074135144
 252 005c 6C000640 		.word	1074135148
 253 0060 60000640 		.word	1074135136
 254 0064 FF5CFFFF 		.word	-41729
 255 0068 880F0640 		.word	1074139016
 256 006c C80F0640 		.word	1074139080
 257 0070 F3070000 		.word	2035
 258 0074 800F0640 		.word	1074139008
 259 0078 ED0F0000 		.word	4077
 260 007c C00F0640 		.word	1074139072
 261 0080 FF0F0000 		.word	4095
 262 0084 400F0640 		.word	1074138944
 263 0088 17030000 		.word	791
ARM GAS  C:\Users\tsien\AppData\Local\Temp\ccCO1WSq.s 			page 11


 264 008c 000F0640 		.word	1074138880
 265 0090 00000000 		.word	Jetty_state
 266              		.cfi_endproc
 267              	.LFE2:
 268              		.size	Jetty_I2CFwBlockReset, .-Jetty_I2CFwBlockReset
 269              		.comm	Jetty_state,1,1
 270              		.text
 271              	.Letext0:
 272              		.file 2 "Generated_Source\\PSoC4/cytypes.h"
 273              		.file 3 "Generated_Source\\PSoC4\\Jetty_I2C_PVT.h"
 274              		.file 4 "Generated_Source\\PSoC4/CyLib.h"
 275              		.section	.debug_info,"",%progbits
 276              	.Ldebug_info0:
 277 0000 91010000 		.4byte	0x191
 278 0004 0400     		.2byte	0x4
 279 0006 00000000 		.4byte	.Ldebug_abbrev0
 280 000a 04       		.byte	0x4
 281 000b 01       		.uleb128 0x1
 282 000c 78010000 		.4byte	.LASF27
 283 0010 0C       		.byte	0xc
 284 0011 06000000 		.4byte	.LASF28
 285 0015 91000000 		.4byte	.LASF29
 286 0019 00000000 		.4byte	.Ldebug_ranges0+0
 287 001d 00000000 		.4byte	0
 288 0021 00000000 		.4byte	.Ldebug_line0
 289 0025 02       		.uleb128 0x2
 290 0026 01       		.byte	0x1
 291 0027 06       		.byte	0x6
 292 0028 74020000 		.4byte	.LASF0
 293 002c 02       		.uleb128 0x2
 294 002d 01       		.byte	0x1
 295 002e 08       		.byte	0x8
 296 002f 5F000000 		.4byte	.LASF1
 297 0033 02       		.uleb128 0x2
 298 0034 02       		.byte	0x2
 299 0035 05       		.byte	0x5
 300 0036 2F020000 		.4byte	.LASF2
 301 003a 02       		.uleb128 0x2
 302 003b 02       		.byte	0x2
 303 003c 07       		.byte	0x7
 304 003d 38000000 		.4byte	.LASF3
 305 0041 02       		.uleb128 0x2
 306 0042 04       		.byte	0x4
 307 0043 05       		.byte	0x5
 308 0044 4A020000 		.4byte	.LASF4
 309 0048 02       		.uleb128 0x2
 310 0049 04       		.byte	0x4
 311 004a 07       		.byte	0x7
 312 004b 79000000 		.4byte	.LASF5
 313 004f 02       		.uleb128 0x2
 314 0050 08       		.byte	0x8
 315 0051 05       		.byte	0x5
 316 0052 0F020000 		.4byte	.LASF6
 317 0056 02       		.uleb128 0x2
 318 0057 08       		.byte	0x8
 319 0058 07       		.byte	0x7
 320 0059 3A010000 		.4byte	.LASF7
ARM GAS  C:\Users\tsien\AppData\Local\Temp\ccCO1WSq.s 			page 12


 321 005d 03       		.uleb128 0x3
 322 005e 04       		.byte	0x4
 323 005f 05       		.byte	0x5
 324 0060 696E7400 		.ascii	"int\000"
 325 0064 02       		.uleb128 0x2
 326 0065 04       		.byte	0x4
 327 0066 07       		.byte	0x7
 328 0067 2D010000 		.4byte	.LASF8
 329 006b 04       		.uleb128 0x4
 330 006c 8B000000 		.4byte	.LASF9
 331 0070 02       		.byte	0x2
 332 0071 FB01     		.2byte	0x1fb
 333 0073 2C000000 		.4byte	0x2c
 334 0077 04       		.uleb128 0x4
 335 0078 0A010000 		.4byte	.LASF10
 336 007c 02       		.byte	0x2
 337 007d FC01     		.2byte	0x1fc
 338 007f 3A000000 		.4byte	0x3a
 339 0083 04       		.uleb128 0x4
 340 0084 11010000 		.4byte	.LASF11
 341 0088 02       		.byte	0x2
 342 0089 FD01     		.2byte	0x1fd
 343 008b 48000000 		.4byte	0x48
 344 008f 02       		.uleb128 0x2
 345 0090 04       		.byte	0x4
 346 0091 04       		.byte	0x4
 347 0092 59000000 		.4byte	.LASF12
 348 0096 02       		.uleb128 0x2
 349 0097 08       		.byte	0x8
 350 0098 04       		.byte	0x4
 351 0099 F5000000 		.4byte	.LASF13
 352 009d 02       		.uleb128 0x2
 353 009e 01       		.byte	0x1
 354 009f 08       		.byte	0x8
 355 00a0 1D020000 		.4byte	.LASF14
 356 00a4 05       		.uleb128 0x5
 357 00a5 6B000000 		.4byte	0x6b
 358 00a9 05       		.uleb128 0x5
 359 00aa 77000000 		.4byte	0x77
 360 00ae 04       		.uleb128 0x4
 361 00af 00000000 		.4byte	.LASF15
 362 00b3 02       		.byte	0x2
 363 00b4 A702     		.2byte	0x2a7
 364 00b6 BA000000 		.4byte	0xba
 365 00ba 05       		.uleb128 0x5
 366 00bb 83000000 		.4byte	0x83
 367 00bf 02       		.uleb128 0x2
 368 00c0 08       		.byte	0x8
 369 00c1 04       		.byte	0x4
 370 00c2 53020000 		.4byte	.LASF16
 371 00c6 02       		.uleb128 0x2
 372 00c7 04       		.byte	0x4
 373 00c8 07       		.byte	0x7
 374 00c9 06020000 		.4byte	.LASF17
 375 00cd 06       		.uleb128 0x6
 376 00ce 4B000000 		.4byte	.LASF30
 377 00d2 01       		.byte	0x1
ARM GAS  C:\Users\tsien\AppData\Local\Temp\ccCO1WSq.s 			page 13


 378 00d3 C1       		.byte	0xc1
 379 00d4 00000000 		.4byte	.LFB0
 380 00d8 C4000000 		.4byte	.LFE0-.LFB0
 381 00dc 01       		.uleb128 0x1
 382 00dd 9C       		.byte	0x9c
 383 00de 1D010000 		.4byte	0x11d
 384 00e2 07       		.uleb128 0x7
 385 00e3 34000000 		.4byte	.LVL0
 386 00e7 73010000 		.4byte	0x173
 387 00eb F5000000 		.4byte	0xf5
 388 00ef 08       		.uleb128 0x8
 389 00f0 01       		.uleb128 0x1
 390 00f1 50       		.byte	0x50
 391 00f2 01       		.uleb128 0x1
 392 00f3 3A       		.byte	0x3a
 393 00f4 00       		.byte	0
 394 00f5 07       		.uleb128 0x7
 395 00f6 3C000000 		.4byte	.LVL1
 396 00fa 7E010000 		.4byte	0x17e
 397 00fe 0D010000 		.4byte	0x10d
 398 0102 08       		.uleb128 0x8
 399 0103 01       		.uleb128 0x1
 400 0104 50       		.byte	0x50
 401 0105 01       		.uleb128 0x1
 402 0106 3A       		.byte	0x3a
 403 0107 08       		.uleb128 0x8
 404 0108 01       		.uleb128 0x1
 405 0109 51       		.byte	0x51
 406 010a 01       		.uleb128 0x1
 407 010b 33       		.byte	0x33
 408 010c 00       		.byte	0
 409 010d 09       		.uleb128 0x9
 410 010e 44000000 		.4byte	.LVL2
 411 0112 89010000 		.4byte	0x189
 412 0116 08       		.uleb128 0x8
 413 0117 01       		.uleb128 0x1
 414 0118 50       		.byte	0x50
 415 0119 01       		.uleb128 0x1
 416 011a 3A       		.byte	0x3a
 417 011b 00       		.byte	0
 418 011c 00       		.byte	0
 419 011d 0A       		.uleb128 0xa
 420 011e FC000000 		.4byte	.LASF18
 421 0122 01       		.byte	0x1
 422 0123 0801     		.2byte	0x108
 423 0125 00000000 		.4byte	.LFB1
 424 0129 20000000 		.4byte	.LFE1-.LFB1
 425 012d 01       		.uleb128 0x1
 426 012e 9C       		.byte	0x9c
 427 012f 0A       		.uleb128 0xa
 428 0130 62010000 		.4byte	.LASF19
 429 0134 01       		.byte	0x1
 430 0135 1901     		.2byte	0x119
 431 0137 00000000 		.4byte	.LFB2
 432 013b 94000000 		.4byte	.LFE2-.LFB2
 433 013f 01       		.uleb128 0x1
 434 0140 9C       		.byte	0x9c
ARM GAS  C:\Users\tsien\AppData\Local\Temp\ccCO1WSq.s 			page 14


 435 0141 0B       		.uleb128 0xb
 436 0142 6D000000 		.4byte	.LASF20
 437 0146 01       		.byte	0x1
 438 0147 1B       		.byte	0x1b
 439 0148 A4000000 		.4byte	0xa4
 440 014c 05       		.uleb128 0x5
 441 014d 03       		.byte	0x3
 442 014e 00000000 		.4byte	Jetty_state
 443 0152 0C       		.uleb128 0xc
 444 0153 39020000 		.4byte	.LASF21
 445 0157 03       		.byte	0x3
 446 0158 31       		.byte	0x31
 447 0159 A9000000 		.4byte	0xa9
 448 015d 0C       		.uleb128 0xc
 449 015e 5F020000 		.4byte	.LASF22
 450 0162 03       		.byte	0x3
 451 0163 37       		.byte	0x37
 452 0164 BA000000 		.4byte	0xba
 453 0168 0C       		.uleb128 0xc
 454 0169 18010000 		.4byte	.LASF23
 455 016d 03       		.byte	0x3
 456 016e 3C       		.byte	0x3c
 457 016f BA000000 		.4byte	0xba
 458 0173 0D       		.uleb128 0xd
 459 0174 22020000 		.4byte	.LASF24
 460 0178 22020000 		.4byte	.LASF24
 461 017c 04       		.byte	0x4
 462 017d D8       		.byte	0xd8
 463 017e 0D       		.uleb128 0xd
 464 017f 51010000 		.4byte	.LASF25
 465 0183 51010000 		.4byte	.LASF25
 466 0187 04       		.byte	0x4
 467 0188 D3       		.byte	0xd3
 468 0189 0D       		.uleb128 0xd
 469 018a 29000000 		.4byte	.LASF26
 470 018e 29000000 		.4byte	.LASF26
 471 0192 04       		.byte	0x4
 472 0193 D0       		.byte	0xd0
 473 0194 00       		.byte	0
 474              		.section	.debug_abbrev,"",%progbits
 475              	.Ldebug_abbrev0:
 476 0000 01       		.uleb128 0x1
 477 0001 11       		.uleb128 0x11
 478 0002 01       		.byte	0x1
 479 0003 25       		.uleb128 0x25
 480 0004 0E       		.uleb128 0xe
 481 0005 13       		.uleb128 0x13
 482 0006 0B       		.uleb128 0xb
 483 0007 03       		.uleb128 0x3
 484 0008 0E       		.uleb128 0xe
 485 0009 1B       		.uleb128 0x1b
 486 000a 0E       		.uleb128 0xe
 487 000b 55       		.uleb128 0x55
 488 000c 17       		.uleb128 0x17
 489 000d 11       		.uleb128 0x11
 490 000e 01       		.uleb128 0x1
 491 000f 10       		.uleb128 0x10
ARM GAS  C:\Users\tsien\AppData\Local\Temp\ccCO1WSq.s 			page 15


 492 0010 17       		.uleb128 0x17
 493 0011 00       		.byte	0
 494 0012 00       		.byte	0
 495 0013 02       		.uleb128 0x2
 496 0014 24       		.uleb128 0x24
 497 0015 00       		.byte	0
 498 0016 0B       		.uleb128 0xb
 499 0017 0B       		.uleb128 0xb
 500 0018 3E       		.uleb128 0x3e
 501 0019 0B       		.uleb128 0xb
 502 001a 03       		.uleb128 0x3
 503 001b 0E       		.uleb128 0xe
 504 001c 00       		.byte	0
 505 001d 00       		.byte	0
 506 001e 03       		.uleb128 0x3
 507 001f 24       		.uleb128 0x24
 508 0020 00       		.byte	0
 509 0021 0B       		.uleb128 0xb
 510 0022 0B       		.uleb128 0xb
 511 0023 3E       		.uleb128 0x3e
 512 0024 0B       		.uleb128 0xb
 513 0025 03       		.uleb128 0x3
 514 0026 08       		.uleb128 0x8
 515 0027 00       		.byte	0
 516 0028 00       		.byte	0
 517 0029 04       		.uleb128 0x4
 518 002a 16       		.uleb128 0x16
 519 002b 00       		.byte	0
 520 002c 03       		.uleb128 0x3
 521 002d 0E       		.uleb128 0xe
 522 002e 3A       		.uleb128 0x3a
 523 002f 0B       		.uleb128 0xb
 524 0030 3B       		.uleb128 0x3b
 525 0031 05       		.uleb128 0x5
 526 0032 49       		.uleb128 0x49
 527 0033 13       		.uleb128 0x13
 528 0034 00       		.byte	0
 529 0035 00       		.byte	0
 530 0036 05       		.uleb128 0x5
 531 0037 35       		.uleb128 0x35
 532 0038 00       		.byte	0
 533 0039 49       		.uleb128 0x49
 534 003a 13       		.uleb128 0x13
 535 003b 00       		.byte	0
 536 003c 00       		.byte	0
 537 003d 06       		.uleb128 0x6
 538 003e 2E       		.uleb128 0x2e
 539 003f 01       		.byte	0x1
 540 0040 3F       		.uleb128 0x3f
 541 0041 19       		.uleb128 0x19
 542 0042 03       		.uleb128 0x3
 543 0043 0E       		.uleb128 0xe
 544 0044 3A       		.uleb128 0x3a
 545 0045 0B       		.uleb128 0xb
 546 0046 3B       		.uleb128 0x3b
 547 0047 0B       		.uleb128 0xb
 548 0048 27       		.uleb128 0x27
ARM GAS  C:\Users\tsien\AppData\Local\Temp\ccCO1WSq.s 			page 16


 549 0049 19       		.uleb128 0x19
 550 004a 11       		.uleb128 0x11
 551 004b 01       		.uleb128 0x1
 552 004c 12       		.uleb128 0x12
 553 004d 06       		.uleb128 0x6
 554 004e 40       		.uleb128 0x40
 555 004f 18       		.uleb128 0x18
 556 0050 9742     		.uleb128 0x2117
 557 0052 19       		.uleb128 0x19
 558 0053 01       		.uleb128 0x1
 559 0054 13       		.uleb128 0x13
 560 0055 00       		.byte	0
 561 0056 00       		.byte	0
 562 0057 07       		.uleb128 0x7
 563 0058 898201   		.uleb128 0x4109
 564 005b 01       		.byte	0x1
 565 005c 11       		.uleb128 0x11
 566 005d 01       		.uleb128 0x1
 567 005e 31       		.uleb128 0x31
 568 005f 13       		.uleb128 0x13
 569 0060 01       		.uleb128 0x1
 570 0061 13       		.uleb128 0x13
 571 0062 00       		.byte	0
 572 0063 00       		.byte	0
 573 0064 08       		.uleb128 0x8
 574 0065 8A8201   		.uleb128 0x410a
 575 0068 00       		.byte	0
 576 0069 02       		.uleb128 0x2
 577 006a 18       		.uleb128 0x18
 578 006b 9142     		.uleb128 0x2111
 579 006d 18       		.uleb128 0x18
 580 006e 00       		.byte	0
 581 006f 00       		.byte	0
 582 0070 09       		.uleb128 0x9
 583 0071 898201   		.uleb128 0x4109
 584 0074 01       		.byte	0x1
 585 0075 11       		.uleb128 0x11
 586 0076 01       		.uleb128 0x1
 587 0077 31       		.uleb128 0x31
 588 0078 13       		.uleb128 0x13
 589 0079 00       		.byte	0
 590 007a 00       		.byte	0
 591 007b 0A       		.uleb128 0xa
 592 007c 2E       		.uleb128 0x2e
 593 007d 00       		.byte	0
 594 007e 3F       		.uleb128 0x3f
 595 007f 19       		.uleb128 0x19
 596 0080 03       		.uleb128 0x3
 597 0081 0E       		.uleb128 0xe
 598 0082 3A       		.uleb128 0x3a
 599 0083 0B       		.uleb128 0xb
 600 0084 3B       		.uleb128 0x3b
 601 0085 05       		.uleb128 0x5
 602 0086 27       		.uleb128 0x27
 603 0087 19       		.uleb128 0x19
 604 0088 11       		.uleb128 0x11
 605 0089 01       		.uleb128 0x1
ARM GAS  C:\Users\tsien\AppData\Local\Temp\ccCO1WSq.s 			page 17


 606 008a 12       		.uleb128 0x12
 607 008b 06       		.uleb128 0x6
 608 008c 40       		.uleb128 0x40
 609 008d 18       		.uleb128 0x18
 610 008e 9742     		.uleb128 0x2117
 611 0090 19       		.uleb128 0x19
 612 0091 00       		.byte	0
 613 0092 00       		.byte	0
 614 0093 0B       		.uleb128 0xb
 615 0094 34       		.uleb128 0x34
 616 0095 00       		.byte	0
 617 0096 03       		.uleb128 0x3
 618 0097 0E       		.uleb128 0xe
 619 0098 3A       		.uleb128 0x3a
 620 0099 0B       		.uleb128 0xb
 621 009a 3B       		.uleb128 0x3b
 622 009b 0B       		.uleb128 0xb
 623 009c 49       		.uleb128 0x49
 624 009d 13       		.uleb128 0x13
 625 009e 3F       		.uleb128 0x3f
 626 009f 19       		.uleb128 0x19
 627 00a0 02       		.uleb128 0x2
 628 00a1 18       		.uleb128 0x18
 629 00a2 00       		.byte	0
 630 00a3 00       		.byte	0
 631 00a4 0C       		.uleb128 0xc
 632 00a5 34       		.uleb128 0x34
 633 00a6 00       		.byte	0
 634 00a7 03       		.uleb128 0x3
 635 00a8 0E       		.uleb128 0xe
 636 00a9 3A       		.uleb128 0x3a
 637 00aa 0B       		.uleb128 0xb
 638 00ab 3B       		.uleb128 0x3b
 639 00ac 0B       		.uleb128 0xb
 640 00ad 49       		.uleb128 0x49
 641 00ae 13       		.uleb128 0x13
 642 00af 3F       		.uleb128 0x3f
 643 00b0 19       		.uleb128 0x19
 644 00b1 3C       		.uleb128 0x3c
 645 00b2 19       		.uleb128 0x19
 646 00b3 00       		.byte	0
 647 00b4 00       		.byte	0
 648 00b5 0D       		.uleb128 0xd
 649 00b6 2E       		.uleb128 0x2e
 650 00b7 00       		.byte	0
 651 00b8 3F       		.uleb128 0x3f
 652 00b9 19       		.uleb128 0x19
 653 00ba 3C       		.uleb128 0x3c
 654 00bb 19       		.uleb128 0x19
 655 00bc 6E       		.uleb128 0x6e
 656 00bd 0E       		.uleb128 0xe
 657 00be 03       		.uleb128 0x3
 658 00bf 0E       		.uleb128 0xe
 659 00c0 3A       		.uleb128 0x3a
 660 00c1 0B       		.uleb128 0xb
 661 00c2 3B       		.uleb128 0x3b
 662 00c3 0B       		.uleb128 0xb
ARM GAS  C:\Users\tsien\AppData\Local\Temp\ccCO1WSq.s 			page 18


 663 00c4 00       		.byte	0
 664 00c5 00       		.byte	0
 665 00c6 00       		.byte	0
 666              		.section	.debug_aranges,"",%progbits
 667 0000 2C000000 		.4byte	0x2c
 668 0004 0200     		.2byte	0x2
 669 0006 00000000 		.4byte	.Ldebug_info0
 670 000a 04       		.byte	0x4
 671 000b 00       		.byte	0
 672 000c 0000     		.2byte	0
 673 000e 0000     		.2byte	0
 674 0010 00000000 		.4byte	.LFB0
 675 0014 C4000000 		.4byte	.LFE0-.LFB0
 676 0018 00000000 		.4byte	.LFB1
 677 001c 20000000 		.4byte	.LFE1-.LFB1
 678 0020 00000000 		.4byte	.LFB2
 679 0024 94000000 		.4byte	.LFE2-.LFB2
 680 0028 00000000 		.4byte	0
 681 002c 00000000 		.4byte	0
 682              		.section	.debug_ranges,"",%progbits
 683              	.Ldebug_ranges0:
 684 0000 00000000 		.4byte	.LFB0
 685 0004 C4000000 		.4byte	.LFE0
 686 0008 00000000 		.4byte	.LFB1
 687 000c 20000000 		.4byte	.LFE1
 688 0010 00000000 		.4byte	.LFB2
 689 0014 94000000 		.4byte	.LFE2
 690 0018 00000000 		.4byte	0
 691 001c 00000000 		.4byte	0
 692              		.section	.debug_line,"",%progbits
 693              	.Ldebug_line0:
 694 0000 C3000000 		.section	.debug_str,"MS",%progbits,1
 694      02006400 
 694      00000201 
 694      FB0E0D00 
 694      01010101 
 695              	.LASF15:
 696 0000 72656733 		.ascii	"reg32\000"
 696      3200
 697              	.LASF28:
 698 0006 47656E65 		.ascii	"Generated_Source\\PSoC4\\Jetty_I2C.c\000"
 698      72617465 
 698      645F536F 
 698      75726365 
 698      5C50536F 
 699              	.LASF26:
 700 0029 4379496E 		.ascii	"CyIntSetVector\000"
 700      74536574 
 700      56656374 
 700      6F7200
 701              	.LASF3:
 702 0038 73686F72 		.ascii	"short unsigned int\000"
 702      7420756E 
 702      7369676E 
 702      65642069 
 702      6E7400
 703              	.LASF30:
ARM GAS  C:\Users\tsien\AppData\Local\Temp\ccCO1WSq.s 			page 19


 704 004b 4A657474 		.ascii	"Jetty_I2CInit\000"
 704      795F4932 
 704      43496E69 
 704      7400
 705              	.LASF12:
 706 0059 666C6F61 		.ascii	"float\000"
 706      7400
 707              	.LASF1:
 708 005f 756E7369 		.ascii	"unsigned char\000"
 708      676E6564 
 708      20636861 
 708      7200
 709              	.LASF20:
 710 006d 4A657474 		.ascii	"Jetty_state\000"
 710      795F7374 
 710      61746500 
 711              	.LASF5:
 712 0079 6C6F6E67 		.ascii	"long unsigned int\000"
 712      20756E73 
 712      69676E65 
 712      6420696E 
 712      7400
 713              	.LASF9:
 714 008b 75696E74 		.ascii	"uint8\000"
 714      3800
 715              	.LASF29:
 716 0091 433A5C55 		.ascii	"C:\\Users\\tsien\\Documents\\GitHub\\Battery_Manage"
 716      73657273 
 716      5C747369 
 716      656E5C44 
 716      6F63756D 
 717 00bf 6D656E74 		.ascii	"ment_Board_PY2023\\BatteryBalance\\BatteryBalance.c"
 717      5F426F61 
 717      72645F50 
 717      59323032 
 717      335C4261 
 718 00f0 7964736E 		.ascii	"ydsn\000"
 718      00
 719              	.LASF13:
 720 00f5 646F7562 		.ascii	"double\000"
 720      6C6500
 721              	.LASF18:
 722 00fc 4A657474 		.ascii	"Jetty_I2CStop\000"
 722      795F4932 
 722      4353746F 
 722      7000
 723              	.LASF10:
 724 010a 75696E74 		.ascii	"uint16\000"
 724      313600
 725              	.LASF11:
 726 0111 75696E74 		.ascii	"uint32\000"
 726      333200
 727              	.LASF23:
 728 0118 4A657474 		.ascii	"Jetty_mstrWrBufIndex\000"
 728      795F6D73 
 728      74725772 
 728      42756649 
ARM GAS  C:\Users\tsien\AppData\Local\Temp\ccCO1WSq.s 			page 20


 728      6E646578 
 729              	.LASF8:
 730 012d 756E7369 		.ascii	"unsigned int\000"
 730      676E6564 
 730      20696E74 
 730      00
 731              	.LASF7:
 732 013a 6C6F6E67 		.ascii	"long long unsigned int\000"
 732      206C6F6E 
 732      6720756E 
 732      7369676E 
 732      65642069 
 733              	.LASF25:
 734 0151 4379496E 		.ascii	"CyIntSetPriority\000"
 734      74536574 
 734      5072696F 
 734      72697479 
 734      00
 735              	.LASF19:
 736 0162 4A657474 		.ascii	"Jetty_I2CFwBlockReset\000"
 736      795F4932 
 736      43467742 
 736      6C6F636B 
 736      52657365 
 737              	.LASF27:
 738 0178 474E5520 		.ascii	"GNU C11 5.4.1 20160609 (release) [ARM/embedded-5-br"
 738      43313120 
 738      352E342E 
 738      31203230 
 738      31363036 
 739 01ab 616E6368 		.ascii	"anch revision 237715] -mcpu=cortex-m0 -mthumb -g -O"
 739      20726576 
 739      6973696F 
 739      6E203233 
 739      37373135 
 740 01de 67202D66 		.ascii	"g -ffunction-sections -ffat-lto-objects\000"
 740      66756E63 
 740      74696F6E 
 740      2D736563 
 740      74696F6E 
 741              	.LASF17:
 742 0206 73697A65 		.ascii	"sizetype\000"
 742      74797065 
 742      00
 743              	.LASF6:
 744 020f 6C6F6E67 		.ascii	"long long int\000"
 744      206C6F6E 
 744      6720696E 
 744      7400
 745              	.LASF14:
 746 021d 63686172 		.ascii	"char\000"
 746      00
 747              	.LASF24:
 748 0222 4379496E 		.ascii	"CyIntDisable\000"
 748      74446973 
 748      61626C65 
 748      00
ARM GAS  C:\Users\tsien\AppData\Local\Temp\ccCO1WSq.s 			page 21


 749              	.LASF2:
 750 022f 73686F72 		.ascii	"short int\000"
 750      7420696E 
 750      7400
 751              	.LASF21:
 752 0239 4A657474 		.ascii	"Jetty_mstrStatus\000"
 752      795F6D73 
 752      74725374 
 752      61747573 
 752      00
 753              	.LASF4:
 754 024a 6C6F6E67 		.ascii	"long int\000"
 754      20696E74 
 754      00
 755              	.LASF16:
 756 0253 6C6F6E67 		.ascii	"long double\000"
 756      20646F75 
 756      626C6500 
 757              	.LASF22:
 758 025f 4A657474 		.ascii	"Jetty_mstrRdBufIndex\000"
 758      795F6D73 
 758      74725264 
 758      42756649 
 758      6E646578 
 759              	.LASF0:
 760 0274 7369676E 		.ascii	"signed char\000"
 760      65642063 
 760      68617200 
 761              		.ident	"GCC: (GNU Tools for ARM Embedded Processors) 5.4.1 20160609 (release) [ARM/embedded-5-bran
