ARM GAS  C:\Users\tsien\AppData\Local\Temp\ccfOPWIy.s 			page 1


   1              		.syntax unified
   2              		.cpu cortex-m0
   3              		.fpu softvfp
   4              		.eabi_attribute 20, 1
   5              		.eabi_attribute 21, 1
   6              		.eabi_attribute 23, 3
   7              		.eabi_attribute 24, 1
   8              		.eabi_attribute 25, 1
   9              		.eabi_attribute 26, 1
  10              		.eabi_attribute 30, 1
  11              		.eabi_attribute 34, 0
  12              		.eabi_attribute 18, 4
  13              		.thumb
  14              		.syntax unified
  15              		.file	"main.c"
  16              		.text
  17              	.Ltext0:
  18              		.cfi_sections	.debug_frame
  19              		.section	.text.main,"ax",%progbits
  20              		.align	2
  21              		.global	main
  22              		.code	16
  23              		.thumb_func
  24              		.type	main, %function
  25              	main:
  26              	.LFB34:
  27              		.file 1 "main.c"
   1:main.c        **** /* ========================================
   2:main.c        ****  *
   3:main.c        ****  * Copyright YOUR COMPANY, THE YEAR
   4:main.c        ****  * All Rights Reserved
   5:main.c        ****  * UNPUBLISHED, LICENSED SOFTWARE.
   6:main.c        ****  *
   7:main.c        ****  * CONFIDENTIAL AND PROPRIETARY INFORMATION
   8:main.c        ****  * WHICH IS THE PROPERTY OF your company.
   9:main.c        ****  *
  10:main.c        ****  * ========================================
  11:main.c        **** */
  12:main.c        **** #include "project.h"
  13:main.c        **** #include "io.h"
  14:main.c        **** #include <stdint.h>
  15:main.c        **** #include <INA226.h>
  16:main.c        **** 
  17:main.c        **** 
  18:main.c        **** int main(void)
  19:main.c        **** {
  28              		.loc 1 19 0
  29              		.cfi_startproc
  30              		@ args = 0, pretend = 0, frame = 8
  31              		@ frame_needed = 0, uses_anonymous_args = 0
  32 0000 00B5     		push	{lr}
  33              		.cfi_def_cfa_offset 4
  34              		.cfi_offset 14, -4
  35 0002 83B0     		sub	sp, sp, #12
  36              		.cfi_def_cfa_offset 16
  20:main.c        ****     CyGlobalIntEnable; /* Enable global interrupts. */
  37              		.loc 1 20 0
ARM GAS  C:\Users\tsien\AppData\Local\Temp\ccfOPWIy.s 			page 2


  38              		.syntax divided
  39              	@ 20 "main.c" 1
  40 0004 62B6     		CPSIE   i
  41              	@ 0 "" 2
  21:main.c        **** 
  22:main.c        ****     /* Place your initialization/startup code here (e.g. MyInst_Start()) */
  23:main.c        ****     BatteryBalanceInit();
  42              		.loc 1 23 0
  43              		.thumb
  44              		.syntax unified
  45 0006 FFF7FEFF 		bl	BatteryBalanceInit
  46              	.LVL0:
  24:main.c        ****     init_INA226();
  47              		.loc 1 24 0
  48 000a FFF7FEFF 		bl	init_INA226
  49              	.LVL1:
  50              	.L3:
  25:main.c        ****     
  26:main.c        ****     uint8_t current;
  27:main.c        ****     uint8_t status;
  28:main.c        **** 
  29:main.c        ****     for(;;)
  30:main.c        ****     {
  31:main.c        ****         // INA226Read(DATA_ADDRESS, &ina226);
  32:main.c        ****         // current = convertValue(ina226);
  33:main.c        ****         status = getCurrent(&current);
  51              		.loc 1 33 0
  52 000e 6B46     		mov	r3, sp
  53 0010 D81D     		adds	r0, r3, #7
  54 0012 FFF7FEFF 		bl	getCurrent
  55              	.LVL2:
  34:main.c        ****         if (status == SUCCESS) {
  56              		.loc 1 34 0
  57 0016 0028     		cmp	r0, #0
  58 0018 04D1     		bne	.L2
  35:main.c        ****             JettySend(JETTY, current);  
  59              		.loc 1 35 0
  60 001a 6B46     		mov	r3, sp
  61 001c D979     		ldrb	r1, [r3, #7]
  62 001e 0C30     		adds	r0, r0, #12
  63              	.LVL3:
  64 0020 FFF7FEFF 		bl	JettySend
  65              	.LVL4:
  66              	.L2:
  36:main.c        ****         }
  37:main.c        ****         
  38:main.c        ****         CyDelay(100);
  67              		.loc 1 38 0
  68 0024 6420     		movs	r0, #100
  69 0026 FFF7FEFF 		bl	CyDelay
  70              	.LVL5:
  39:main.c        ****     }
  71              		.loc 1 39 0
  72 002a F0E7     		b	.L3
  73              		.cfi_endproc
  74              	.LFE34:
  75              		.size	main, .-main
ARM GAS  C:\Users\tsien\AppData\Local\Temp\ccfOPWIy.s 			page 3


  76              		.comm	address,1,1
  77              		.comm	debugOutput,32,4
  78              		.text
  79              	.Letext0:
  80              		.file 2 "c:\\program files (x86)\\cypress\\psoc creator\\4.4\\psoc creator\\import\\gnu\\arm\\5.4.
  81              		.file 3 "c:\\program files (x86)\\cypress\\psoc creator\\4.4\\psoc creator\\import\\gnu\\arm\\5.4.
  82              		.file 4 "Generated_Source\\PSoC4/cytypes.h"
  83              		.file 5 "./INA226.h"
  84              		.file 6 "io.h"
  85              		.file 7 "Generated_Source\\PSoC4/CyLib.h"
  86              		.section	.debug_info,"",%progbits
  87              	.Ldebug_info0:
  88 0000 98010000 		.4byte	0x198
  89 0004 0400     		.2byte	0x4
  90 0006 00000000 		.4byte	.Ldebug_abbrev0
  91 000a 04       		.byte	0x4
  92 000b 01       		.uleb128 0x1
  93 000c 1D010000 		.4byte	.LASF27
  94 0010 0C       		.byte	0xc
  95 0011 C2010000 		.4byte	.LASF28
  96 0015 5F000000 		.4byte	.LASF29
  97 0019 00000000 		.4byte	.Ldebug_ranges0+0
  98 001d 00000000 		.4byte	0
  99 0021 00000000 		.4byte	.Ldebug_line0
 100 0025 02       		.uleb128 0x2
 101 0026 01       		.byte	0x1
 102 0027 06       		.byte	0x6
 103 0028 13020000 		.4byte	.LASF0
 104 002c 03       		.uleb128 0x3
 105 002d 00000000 		.4byte	.LASF9
 106 0031 02       		.byte	0x2
 107 0032 1D       		.byte	0x1d
 108 0033 37000000 		.4byte	0x37
 109 0037 02       		.uleb128 0x2
 110 0038 01       		.byte	0x1
 111 0039 08       		.byte	0x8
 112 003a 2C000000 		.4byte	.LASF1
 113 003e 02       		.uleb128 0x2
 114 003f 02       		.byte	0x2
 115 0040 05       		.byte	0x5
 116 0041 CE010000 		.4byte	.LASF2
 117 0045 02       		.uleb128 0x2
 118 0046 02       		.byte	0x2
 119 0047 07       		.byte	0x7
 120 0048 4C000000 		.4byte	.LASF3
 121 004c 02       		.uleb128 0x2
 122 004d 04       		.byte	0x4
 123 004e 05       		.byte	0x5
 124 004f F2010000 		.4byte	.LASF4
 125 0053 02       		.uleb128 0x2
 126 0054 04       		.byte	0x4
 127 0055 07       		.byte	0x7
 128 0056 3A000000 		.4byte	.LASF5
 129 005a 02       		.uleb128 0x2
 130 005b 08       		.byte	0x8
 131 005c 05       		.byte	0x5
 132 005d B4010000 		.4byte	.LASF6
ARM GAS  C:\Users\tsien\AppData\Local\Temp\ccfOPWIy.s 			page 4


 133 0061 02       		.uleb128 0x2
 134 0062 08       		.byte	0x8
 135 0063 07       		.byte	0x7
 136 0064 FE000000 		.4byte	.LASF7
 137 0068 04       		.uleb128 0x4
 138 0069 04       		.byte	0x4
 139 006a 05       		.byte	0x5
 140 006b 696E7400 		.ascii	"int\000"
 141 006f 02       		.uleb128 0x2
 142 0070 04       		.byte	0x4
 143 0071 07       		.byte	0x7
 144 0072 E9000000 		.4byte	.LASF8
 145 0076 03       		.uleb128 0x3
 146 0077 15010000 		.4byte	.LASF10
 147 007b 03       		.byte	0x3
 148 007c 18       		.byte	0x18
 149 007d 2C000000 		.4byte	0x2c
 150 0081 05       		.uleb128 0x5
 151 0082 D8010000 		.4byte	.LASF11
 152 0086 04       		.byte	0x4
 153 0087 FB01     		.2byte	0x1fb
 154 0089 37000000 		.4byte	0x37
 155 008d 05       		.uleb128 0x5
 156 008e E2000000 		.4byte	.LASF12
 157 0092 04       		.byte	0x4
 158 0093 FD01     		.2byte	0x1fd
 159 0095 53000000 		.4byte	0x53
 160 0099 02       		.uleb128 0x2
 161 009a 04       		.byte	0x4
 162 009b 04       		.byte	0x4
 163 009c 1B000000 		.4byte	.LASF13
 164 00a0 02       		.uleb128 0x2
 165 00a1 08       		.byte	0x8
 166 00a2 04       		.byte	0x4
 167 00a3 C3000000 		.4byte	.LASF14
 168 00a7 02       		.uleb128 0x2
 169 00a8 01       		.byte	0x1
 170 00a9 08       		.byte	0x8
 171 00aa C9010000 		.4byte	.LASF15
 172 00ae 02       		.uleb128 0x2
 173 00af 08       		.byte	0x8
 174 00b0 04       		.byte	0x4
 175 00b1 07020000 		.4byte	.LASF16
 176 00b5 02       		.uleb128 0x2
 177 00b6 04       		.byte	0x4
 178 00b7 07       		.byte	0x7
 179 00b8 AB010000 		.4byte	.LASF17
 180 00bc 06       		.uleb128 0x6
 181 00bd DD000000 		.4byte	.LASF30
 182 00c1 01       		.byte	0x1
 183 00c2 12       		.byte	0x12
 184 00c3 68000000 		.4byte	0x68
 185 00c7 00000000 		.4byte	.LFB34
 186 00cb 2C000000 		.4byte	.LFE34-.LFB34
 187 00cf 01       		.uleb128 0x1
 188 00d0 9C       		.byte	0x9c
 189 00d1 32010000 		.4byte	0x132
ARM GAS  C:\Users\tsien\AppData\Local\Temp\ccfOPWIy.s 			page 5


 190 00d5 07       		.uleb128 0x7
 191 00d6 DE010000 		.4byte	.LASF18
 192 00da 01       		.byte	0x1
 193 00db 1A       		.byte	0x1a
 194 00dc 76000000 		.4byte	0x76
 195 00e0 02       		.uleb128 0x2
 196 00e1 91       		.byte	0x91
 197 00e2 77       		.sleb128 -9
 198 00e3 08       		.uleb128 0x8
 199 00e4 0A000000 		.4byte	.LASF19
 200 00e8 01       		.byte	0x1
 201 00e9 1B       		.byte	0x1b
 202 00ea 76000000 		.4byte	0x76
 203 00ee 00000000 		.4byte	.LLST0
 204 00f2 09       		.uleb128 0x9
 205 00f3 0A000000 		.4byte	.LVL0
 206 00f7 64010000 		.4byte	0x164
 207 00fb 09       		.uleb128 0x9
 208 00fc 0E000000 		.4byte	.LVL1
 209 0100 6F010000 		.4byte	0x16f
 210 0104 0A       		.uleb128 0xa
 211 0105 16000000 		.4byte	.LVL2
 212 0109 7A010000 		.4byte	0x17a
 213 010d 18010000 		.4byte	0x118
 214 0111 0B       		.uleb128 0xb
 215 0112 01       		.uleb128 0x1
 216 0113 50       		.byte	0x50
 217 0114 02       		.uleb128 0x2
 218 0115 7D       		.byte	0x7d
 219 0116 07       		.sleb128 7
 220 0117 00       		.byte	0
 221 0118 09       		.uleb128 0x9
 222 0119 24000000 		.4byte	.LVL4
 223 011d 85010000 		.4byte	0x185
 224 0121 0C       		.uleb128 0xc
 225 0122 2A000000 		.4byte	.LVL5
 226 0126 90010000 		.4byte	0x190
 227 012a 0B       		.uleb128 0xb
 228 012b 01       		.uleb128 0x1
 229 012c 50       		.byte	0x50
 230 012d 02       		.uleb128 0x2
 231 012e 08       		.byte	0x8
 232 012f 64       		.byte	0x64
 233 0130 00       		.byte	0
 234 0131 00       		.byte	0
 235 0132 0D       		.uleb128 0xd
 236 0133 A7000000 		.4byte	0xa7
 237 0137 42010000 		.4byte	0x142
 238 013b 0E       		.uleb128 0xe
 239 013c B5000000 		.4byte	0xb5
 240 0140 1F       		.byte	0x1f
 241 0141 00       		.byte	0
 242 0142 0F       		.uleb128 0xf
 243 0143 FB010000 		.4byte	.LASF20
 244 0147 05       		.byte	0x5
 245 0148 28       		.byte	0x28
 246 0149 32010000 		.4byte	0x132
ARM GAS  C:\Users\tsien\AppData\Local\Temp\ccfOPWIy.s 			page 6


 247 014d 05       		.uleb128 0x5
 248 014e 03       		.byte	0x3
 249 014f 00000000 		.4byte	debugOutput
 250 0153 0F       		.uleb128 0xf
 251 0154 F6000000 		.4byte	.LASF21
 252 0158 05       		.byte	0x5
 253 0159 2B       		.byte	0x2b
 254 015a 76000000 		.4byte	0x76
 255 015e 05       		.uleb128 0x5
 256 015f 03       		.byte	0x3
 257 0160 00000000 		.4byte	address
 258 0164 10       		.uleb128 0x10
 259 0165 CA000000 		.4byte	.LASF22
 260 0169 CA000000 		.4byte	.LASF22
 261 016d 06       		.byte	0x6
 262 016e 20       		.byte	0x20
 263 016f 10       		.uleb128 0x10
 264 0170 E6010000 		.4byte	.LASF23
 265 0174 E6010000 		.4byte	.LASF23
 266 0178 05       		.byte	0x5
 267 0179 30       		.byte	0x30
 268 017a 10       		.uleb128 0x10
 269 017b 21000000 		.4byte	.LASF24
 270 017f 21000000 		.4byte	.LASF24
 271 0183 05       		.byte	0x5
 272 0184 3B       		.byte	0x3b
 273 0185 10       		.uleb128 0x10
 274 0186 11000000 		.4byte	.LASF25
 275 018a 11000000 		.4byte	.LASF25
 276 018e 06       		.byte	0x6
 277 018f 24       		.byte	0x24
 278 0190 10       		.uleb128 0x10
 279 0191 1F020000 		.4byte	.LASF26
 280 0195 1F020000 		.4byte	.LASF26
 281 0199 07       		.byte	0x7
 282 019a EC       		.byte	0xec
 283 019b 00       		.byte	0
 284              		.section	.debug_abbrev,"",%progbits
 285              	.Ldebug_abbrev0:
 286 0000 01       		.uleb128 0x1
 287 0001 11       		.uleb128 0x11
 288 0002 01       		.byte	0x1
 289 0003 25       		.uleb128 0x25
 290 0004 0E       		.uleb128 0xe
 291 0005 13       		.uleb128 0x13
 292 0006 0B       		.uleb128 0xb
 293 0007 03       		.uleb128 0x3
 294 0008 0E       		.uleb128 0xe
 295 0009 1B       		.uleb128 0x1b
 296 000a 0E       		.uleb128 0xe
 297 000b 55       		.uleb128 0x55
 298 000c 17       		.uleb128 0x17
 299 000d 11       		.uleb128 0x11
 300 000e 01       		.uleb128 0x1
 301 000f 10       		.uleb128 0x10
 302 0010 17       		.uleb128 0x17
 303 0011 00       		.byte	0
ARM GAS  C:\Users\tsien\AppData\Local\Temp\ccfOPWIy.s 			page 7


 304 0012 00       		.byte	0
 305 0013 02       		.uleb128 0x2
 306 0014 24       		.uleb128 0x24
 307 0015 00       		.byte	0
 308 0016 0B       		.uleb128 0xb
 309 0017 0B       		.uleb128 0xb
 310 0018 3E       		.uleb128 0x3e
 311 0019 0B       		.uleb128 0xb
 312 001a 03       		.uleb128 0x3
 313 001b 0E       		.uleb128 0xe
 314 001c 00       		.byte	0
 315 001d 00       		.byte	0
 316 001e 03       		.uleb128 0x3
 317 001f 16       		.uleb128 0x16
 318 0020 00       		.byte	0
 319 0021 03       		.uleb128 0x3
 320 0022 0E       		.uleb128 0xe
 321 0023 3A       		.uleb128 0x3a
 322 0024 0B       		.uleb128 0xb
 323 0025 3B       		.uleb128 0x3b
 324 0026 0B       		.uleb128 0xb
 325 0027 49       		.uleb128 0x49
 326 0028 13       		.uleb128 0x13
 327 0029 00       		.byte	0
 328 002a 00       		.byte	0
 329 002b 04       		.uleb128 0x4
 330 002c 24       		.uleb128 0x24
 331 002d 00       		.byte	0
 332 002e 0B       		.uleb128 0xb
 333 002f 0B       		.uleb128 0xb
 334 0030 3E       		.uleb128 0x3e
 335 0031 0B       		.uleb128 0xb
 336 0032 03       		.uleb128 0x3
 337 0033 08       		.uleb128 0x8
 338 0034 00       		.byte	0
 339 0035 00       		.byte	0
 340 0036 05       		.uleb128 0x5
 341 0037 16       		.uleb128 0x16
 342 0038 00       		.byte	0
 343 0039 03       		.uleb128 0x3
 344 003a 0E       		.uleb128 0xe
 345 003b 3A       		.uleb128 0x3a
 346 003c 0B       		.uleb128 0xb
 347 003d 3B       		.uleb128 0x3b
 348 003e 05       		.uleb128 0x5
 349 003f 49       		.uleb128 0x49
 350 0040 13       		.uleb128 0x13
 351 0041 00       		.byte	0
 352 0042 00       		.byte	0
 353 0043 06       		.uleb128 0x6
 354 0044 2E       		.uleb128 0x2e
 355 0045 01       		.byte	0x1
 356 0046 3F       		.uleb128 0x3f
 357 0047 19       		.uleb128 0x19
 358 0048 03       		.uleb128 0x3
 359 0049 0E       		.uleb128 0xe
 360 004a 3A       		.uleb128 0x3a
ARM GAS  C:\Users\tsien\AppData\Local\Temp\ccfOPWIy.s 			page 8


 361 004b 0B       		.uleb128 0xb
 362 004c 3B       		.uleb128 0x3b
 363 004d 0B       		.uleb128 0xb
 364 004e 27       		.uleb128 0x27
 365 004f 19       		.uleb128 0x19
 366 0050 49       		.uleb128 0x49
 367 0051 13       		.uleb128 0x13
 368 0052 8701     		.uleb128 0x87
 369 0054 19       		.uleb128 0x19
 370 0055 11       		.uleb128 0x11
 371 0056 01       		.uleb128 0x1
 372 0057 12       		.uleb128 0x12
 373 0058 06       		.uleb128 0x6
 374 0059 40       		.uleb128 0x40
 375 005a 18       		.uleb128 0x18
 376 005b 9742     		.uleb128 0x2117
 377 005d 19       		.uleb128 0x19
 378 005e 01       		.uleb128 0x1
 379 005f 13       		.uleb128 0x13
 380 0060 00       		.byte	0
 381 0061 00       		.byte	0
 382 0062 07       		.uleb128 0x7
 383 0063 34       		.uleb128 0x34
 384 0064 00       		.byte	0
 385 0065 03       		.uleb128 0x3
 386 0066 0E       		.uleb128 0xe
 387 0067 3A       		.uleb128 0x3a
 388 0068 0B       		.uleb128 0xb
 389 0069 3B       		.uleb128 0x3b
 390 006a 0B       		.uleb128 0xb
 391 006b 49       		.uleb128 0x49
 392 006c 13       		.uleb128 0x13
 393 006d 02       		.uleb128 0x2
 394 006e 18       		.uleb128 0x18
 395 006f 00       		.byte	0
 396 0070 00       		.byte	0
 397 0071 08       		.uleb128 0x8
 398 0072 34       		.uleb128 0x34
 399 0073 00       		.byte	0
 400 0074 03       		.uleb128 0x3
 401 0075 0E       		.uleb128 0xe
 402 0076 3A       		.uleb128 0x3a
 403 0077 0B       		.uleb128 0xb
 404 0078 3B       		.uleb128 0x3b
 405 0079 0B       		.uleb128 0xb
 406 007a 49       		.uleb128 0x49
 407 007b 13       		.uleb128 0x13
 408 007c 02       		.uleb128 0x2
 409 007d 17       		.uleb128 0x17
 410 007e 00       		.byte	0
 411 007f 00       		.byte	0
 412 0080 09       		.uleb128 0x9
 413 0081 898201   		.uleb128 0x4109
 414 0084 00       		.byte	0
 415 0085 11       		.uleb128 0x11
 416 0086 01       		.uleb128 0x1
 417 0087 31       		.uleb128 0x31
ARM GAS  C:\Users\tsien\AppData\Local\Temp\ccfOPWIy.s 			page 9


 418 0088 13       		.uleb128 0x13
 419 0089 00       		.byte	0
 420 008a 00       		.byte	0
 421 008b 0A       		.uleb128 0xa
 422 008c 898201   		.uleb128 0x4109
 423 008f 01       		.byte	0x1
 424 0090 11       		.uleb128 0x11
 425 0091 01       		.uleb128 0x1
 426 0092 31       		.uleb128 0x31
 427 0093 13       		.uleb128 0x13
 428 0094 01       		.uleb128 0x1
 429 0095 13       		.uleb128 0x13
 430 0096 00       		.byte	0
 431 0097 00       		.byte	0
 432 0098 0B       		.uleb128 0xb
 433 0099 8A8201   		.uleb128 0x410a
 434 009c 00       		.byte	0
 435 009d 02       		.uleb128 0x2
 436 009e 18       		.uleb128 0x18
 437 009f 9142     		.uleb128 0x2111
 438 00a1 18       		.uleb128 0x18
 439 00a2 00       		.byte	0
 440 00a3 00       		.byte	0
 441 00a4 0C       		.uleb128 0xc
 442 00a5 898201   		.uleb128 0x4109
 443 00a8 01       		.byte	0x1
 444 00a9 11       		.uleb128 0x11
 445 00aa 01       		.uleb128 0x1
 446 00ab 31       		.uleb128 0x31
 447 00ac 13       		.uleb128 0x13
 448 00ad 00       		.byte	0
 449 00ae 00       		.byte	0
 450 00af 0D       		.uleb128 0xd
 451 00b0 01       		.uleb128 0x1
 452 00b1 01       		.byte	0x1
 453 00b2 49       		.uleb128 0x49
 454 00b3 13       		.uleb128 0x13
 455 00b4 01       		.uleb128 0x1
 456 00b5 13       		.uleb128 0x13
 457 00b6 00       		.byte	0
 458 00b7 00       		.byte	0
 459 00b8 0E       		.uleb128 0xe
 460 00b9 21       		.uleb128 0x21
 461 00ba 00       		.byte	0
 462 00bb 49       		.uleb128 0x49
 463 00bc 13       		.uleb128 0x13
 464 00bd 2F       		.uleb128 0x2f
 465 00be 0B       		.uleb128 0xb
 466 00bf 00       		.byte	0
 467 00c0 00       		.byte	0
 468 00c1 0F       		.uleb128 0xf
 469 00c2 34       		.uleb128 0x34
 470 00c3 00       		.byte	0
 471 00c4 03       		.uleb128 0x3
 472 00c5 0E       		.uleb128 0xe
 473 00c6 3A       		.uleb128 0x3a
 474 00c7 0B       		.uleb128 0xb
ARM GAS  C:\Users\tsien\AppData\Local\Temp\ccfOPWIy.s 			page 10


 475 00c8 3B       		.uleb128 0x3b
 476 00c9 0B       		.uleb128 0xb
 477 00ca 49       		.uleb128 0x49
 478 00cb 13       		.uleb128 0x13
 479 00cc 3F       		.uleb128 0x3f
 480 00cd 19       		.uleb128 0x19
 481 00ce 02       		.uleb128 0x2
 482 00cf 18       		.uleb128 0x18
 483 00d0 00       		.byte	0
 484 00d1 00       		.byte	0
 485 00d2 10       		.uleb128 0x10
 486 00d3 2E       		.uleb128 0x2e
 487 00d4 00       		.byte	0
 488 00d5 3F       		.uleb128 0x3f
 489 00d6 19       		.uleb128 0x19
 490 00d7 3C       		.uleb128 0x3c
 491 00d8 19       		.uleb128 0x19
 492 00d9 6E       		.uleb128 0x6e
 493 00da 0E       		.uleb128 0xe
 494 00db 03       		.uleb128 0x3
 495 00dc 0E       		.uleb128 0xe
 496 00dd 3A       		.uleb128 0x3a
 497 00de 0B       		.uleb128 0xb
 498 00df 3B       		.uleb128 0x3b
 499 00e0 0B       		.uleb128 0xb
 500 00e1 00       		.byte	0
 501 00e2 00       		.byte	0
 502 00e3 00       		.byte	0
 503              		.section	.debug_loc,"",%progbits
 504              	.Ldebug_loc0:
 505              	.LLST0:
 506 0000 16000000 		.4byte	.LVL2
 507 0004 20000000 		.4byte	.LVL3
 508 0008 0100     		.2byte	0x1
 509 000a 50       		.byte	0x50
 510 000b 00000000 		.4byte	0
 511 000f 00000000 		.4byte	0
 512              		.section	.debug_aranges,"",%progbits
 513 0000 1C000000 		.4byte	0x1c
 514 0004 0200     		.2byte	0x2
 515 0006 00000000 		.4byte	.Ldebug_info0
 516 000a 04       		.byte	0x4
 517 000b 00       		.byte	0
 518 000c 0000     		.2byte	0
 519 000e 0000     		.2byte	0
 520 0010 00000000 		.4byte	.LFB34
 521 0014 2C000000 		.4byte	.LFE34-.LFB34
 522 0018 00000000 		.4byte	0
 523 001c 00000000 		.4byte	0
 524              		.section	.debug_ranges,"",%progbits
 525              	.Ldebug_ranges0:
 526 0000 00000000 		.4byte	.LFB34
 527 0004 2C000000 		.4byte	.LFE34
 528 0008 00000000 		.4byte	0
 529 000c 00000000 		.4byte	0
 530              		.section	.debug_line,"",%progbits
 531              	.Ldebug_line0:
ARM GAS  C:\Users\tsien\AppData\Local\Temp\ccfOPWIy.s 			page 11


 532 0000 7E010000 		.section	.debug_str,"MS",%progbits,1
 532      02005F01 
 532      00000201 
 532      FB0E0D00 
 532      01010101 
 533              	.LASF9:
 534 0000 5F5F7569 		.ascii	"__uint8_t\000"
 534      6E74385F 
 534      7400
 535              	.LASF19:
 536 000a 73746174 		.ascii	"status\000"
 536      757300
 537              	.LASF25:
 538 0011 4A657474 		.ascii	"JettySend\000"
 538      7953656E 
 538      6400
 539              	.LASF13:
 540 001b 666C6F61 		.ascii	"float\000"
 540      7400
 541              	.LASF24:
 542 0021 67657443 		.ascii	"getCurrent\000"
 542      75727265 
 542      6E7400
 543              	.LASF1:
 544 002c 756E7369 		.ascii	"unsigned char\000"
 544      676E6564 
 544      20636861 
 544      7200
 545              	.LASF5:
 546 003a 6C6F6E67 		.ascii	"long unsigned int\000"
 546      20756E73 
 546      69676E65 
 546      6420696E 
 546      7400
 547              	.LASF3:
 548 004c 73686F72 		.ascii	"short unsigned int\000"
 548      7420756E 
 548      7369676E 
 548      65642069 
 548      6E7400
 549              	.LASF29:
 550 005f 433A5C55 		.ascii	"C:\\Users\\tsien\\Documents\\GitHub\\Battery_Manage"
 550      73657273 
 550      5C747369 
 550      656E5C44 
 550      6F63756D 
 551 008d 6D656E74 		.ascii	"ment_Board_PY2023\\BatteryBalance\\BatteryBalance.c"
 551      5F426F61 
 551      72645F50 
 551      59323032 
 551      335C4261 
 552 00be 7964736E 		.ascii	"ydsn\000"
 552      00
 553              	.LASF14:
 554 00c3 646F7562 		.ascii	"double\000"
 554      6C6500
 555              	.LASF22:
ARM GAS  C:\Users\tsien\AppData\Local\Temp\ccfOPWIy.s 			page 12


 556 00ca 42617474 		.ascii	"BatteryBalanceInit\000"
 556      65727942 
 556      616C616E 
 556      6365496E 
 556      697400
 557              	.LASF30:
 558 00dd 6D61696E 		.ascii	"main\000"
 558      00
 559              	.LASF12:
 560 00e2 75696E74 		.ascii	"uint32\000"
 560      333200
 561              	.LASF8:
 562 00e9 756E7369 		.ascii	"unsigned int\000"
 562      676E6564 
 562      20696E74 
 562      00
 563              	.LASF21:
 564 00f6 61646472 		.ascii	"address\000"
 564      65737300 
 565              	.LASF7:
 566 00fe 6C6F6E67 		.ascii	"long long unsigned int\000"
 566      206C6F6E 
 566      6720756E 
 566      7369676E 
 566      65642069 
 567              	.LASF10:
 568 0115 75696E74 		.ascii	"uint8_t\000"
 568      385F7400 
 569              	.LASF27:
 570 011d 474E5520 		.ascii	"GNU C11 5.4.1 20160609 (release) [ARM/embedded-5-br"
 570      43313120 
 570      352E342E 
 570      31203230 
 570      31363036 
 571 0150 616E6368 		.ascii	"anch revision 237715] -mcpu=cortex-m0 -mthumb -g -O"
 571      20726576 
 571      6973696F 
 571      6E203233 
 571      37373135 
 572 0183 67202D66 		.ascii	"g -ffunction-sections -ffat-lto-objects\000"
 572      66756E63 
 572      74696F6E 
 572      2D736563 
 572      74696F6E 
 573              	.LASF17:
 574 01ab 73697A65 		.ascii	"sizetype\000"
 574      74797065 
 574      00
 575              	.LASF6:
 576 01b4 6C6F6E67 		.ascii	"long long int\000"
 576      206C6F6E 
 576      6720696E 
 576      7400
 577              	.LASF28:
 578 01c2 6D61696E 		.ascii	"main.c\000"
 578      2E6300
 579              	.LASF15:
ARM GAS  C:\Users\tsien\AppData\Local\Temp\ccfOPWIy.s 			page 13


 580 01c9 63686172 		.ascii	"char\000"
 580      00
 581              	.LASF2:
 582 01ce 73686F72 		.ascii	"short int\000"
 582      7420696E 
 582      7400
 583              	.LASF11:
 584 01d8 75696E74 		.ascii	"uint8\000"
 584      3800
 585              	.LASF18:
 586 01de 63757272 		.ascii	"current\000"
 586      656E7400 
 587              	.LASF23:
 588 01e6 696E6974 		.ascii	"init_INA226\000"
 588      5F494E41 
 588      32323600 
 589              	.LASF4:
 590 01f2 6C6F6E67 		.ascii	"long int\000"
 590      20696E74 
 590      00
 591              	.LASF20:
 592 01fb 64656275 		.ascii	"debugOutput\000"
 592      674F7574 
 592      70757400 
 593              	.LASF16:
 594 0207 6C6F6E67 		.ascii	"long double\000"
 594      20646F75 
 594      626C6500 
 595              	.LASF0:
 596 0213 7369676E 		.ascii	"signed char\000"
 596      65642063 
 596      68617200 
 597              	.LASF26:
 598 021f 43794465 		.ascii	"CyDelay\000"
 598      6C617900 
 599              		.ident	"GCC: (GNU Tools for ARM Embedded Processors) 5.4.1 20160609 (release) [ARM/embedded-5-bran
